[93mWARNING [0m:   DEPRECATED FEATURE: flwr.client.start_client() is deprecated.
	Instead, use the `flower-supernode` CLI command to start a SuperNode as shown below:

		$ flower-supernode --insecure --superlink='<IP>:<PORT>'

	To view all available options, run:

		$ flower-supernode --help

	Using `start_client()` is deprecated.

            This is a deprecated feature. It will be removed
            entirely in future versions of Flower.
        
07:39:37 - DEPRECATED FEATURE: flwr.client.start_client() is deprecated.
	Instead, use the `flower-supernode` CLI command to start a SuperNode as shown below:

		$ flower-supernode --insecure --superlink='<IP>:<PORT>'

	To view all available options, run:

		$ flower-supernode --help

	Using `start_client()` is deprecated.

            This is a deprecated feature. It will be removed
            entirely in future versions of Flower.
        
07:39:37 - Opened insecure gRPC connection (no certificates were passed)
07:39:37 - ChannelConnectivity.IDLE
07:39:37 - ChannelConnectivity.CONNECTING
07:39:37 - ChannelConnectivity.READY
[92mINFO [0m:      
07:39:37 - 
[92mINFO [0m:      Received: train message 6be1f8bb-1f4b-4114-aa0f-6c5c57aa424b
07:39:37 - Received: train message 6be1f8bb-1f4b-4114-aa0f-6c5c57aa424b
07:39:42 - [Client Training - FDA] Successfully sent local states to server!
07:39:42 - [Client Training - FDA] Successfully received variance approximation from server: 1.5000!
07:39:42 - [Client Training] Epoch 0/1 complete!
[92mINFO [0m:      Sent reply
07:39:42 - Sent reply
[92mINFO [0m:      
07:39:45 - 
[92mINFO [0m:      Received: train message aa64d158-44e5-4987-a02b-16271fd3e019
07:39:45 - Received: train message aa64d158-44e5-4987-a02b-16271fd3e019
07:39:49 - [Client Training - FDA] Successfully sent local states to server!
07:39:49 - [Client Training - FDA] Successfully received variance approximation from server: 1.5000!
07:39:49 - [Client Training] Epoch 0/1 complete!
[92mINFO [0m:      Sent reply
07:39:49 - Sent reply
[92mINFO [0m:      
07:39:51 - 
[92mINFO [0m:      Received: train message 99b36cbc-3cba-47b7-b580-e63654a68807
07:39:51 - Received: train message 99b36cbc-3cba-47b7-b580-e63654a68807
07:39:54 - [Client Training - FDA] Successfully sent local states to server!
07:39:54 - [Client Training - FDA] Successfully received variance approximation from server: 1.5000!
07:39:54 - [Client Training] Epoch 0/1 complete!
[92mINFO [0m:      Sent reply
07:39:55 - Sent reply
[92mINFO [0m:      
07:39:57 - 
[92mINFO [0m:      Received: train message 3c3cdc4a-8716-4620-861f-5c1082016de4
07:39:57 - Received: train message 3c3cdc4a-8716-4620-861f-5c1082016de4
07:40:00 - [Client Training - FDA] Successfully sent local states to server!
07:40:00 - [Client Training - FDA] Successfully received variance approximation from server: 1.5000!
07:40:00 - [Client Training] Epoch 0/1 complete!
[92mINFO [0m:      Sent reply
07:40:00 - Sent reply
[92mINFO [0m:      
07:40:02 - 
[92mINFO [0m:      Received: train message 79f2a951-a095-4068-bffa-6b3891cfb6bf
07:40:02 - Received: train message 79f2a951-a095-4068-bffa-6b3891cfb6bf
07:40:06 - [Client Training - FDA] Successfully sent local states to server!
07:40:06 - [Client Training - FDA] Successfully received variance approximation from server: 1.5000!
07:40:06 - [Client Training] Epoch 0/1 complete!
[92mINFO [0m:      Sent reply
07:40:06 - Sent reply
[92mINFO [0m:      
07:40:08 - 
[92mINFO [0m:      Received: train message 99395d5c-06e5-448f-a45e-69febf8f47d1
07:40:08 - Received: train message 99395d5c-06e5-448f-a45e-69febf8f47d1
07:40:12 - [Client Training - FDA] Successfully sent local states to server!
07:40:12 - [Client Training - FDA] Successfully received variance approximation from server: 1.5000!
07:40:12 - [Client Training] Epoch 0/1 complete!
[92mINFO [0m:      Sent reply
07:40:12 - Sent reply
[92mINFO [0m:      
07:40:14 - 
[92mINFO [0m:      Received: train message 8aa26380-fed3-4306-95bf-6098983c68d3
07:40:14 - Received: train message 8aa26380-fed3-4306-95bf-6098983c68d3
07:40:17 - [Client Training - FDA] Successfully sent local states to server!
07:40:17 - [Client Training - FDA] Successfully received variance approximation from server: 1.5000!
07:40:17 - [Client Training] Epoch 0/1 complete!
[92mINFO [0m:      Sent reply
07:40:18 - Sent reply
[92mINFO [0m:      
07:40:20 - 
[92mINFO [0m:      Received: train message 48e30d6e-f0c3-40a2-9576-b8e8e81f35a9
07:40:20 - Received: train message 48e30d6e-f0c3-40a2-9576-b8e8e81f35a9
07:40:23 - [Client Training - FDA] Successfully sent local states to server!
07:40:23 - [Client Training - FDA] Successfully received variance approximation from server: 1.5000!
07:40:23 - [Client Training] Epoch 0/1 complete!
[92mINFO [0m:      Sent reply
07:40:23 - Sent reply
[92mINFO [0m:      
07:40:26 - 
[92mINFO [0m:      Received: train message de4c8e07-1eb1-4717-bd34-4935a8a2b906
07:40:26 - Received: train message de4c8e07-1eb1-4717-bd34-4935a8a2b906
07:40:29 - [Client Training - FDA] Successfully sent local states to server!
07:40:29 - [Client Training - FDA] Successfully received variance approximation from server: 1.5000!
07:40:29 - [Client Training] Epoch 0/1 complete!
[92mINFO [0m:      Sent reply
07:40:29 - Sent reply
[92mINFO [0m:      
07:40:32 - 
[92mINFO [0m:      Received: train message 3c311e65-fb1b-4a6c-89f9-b27b18d6dca3
07:40:32 - Received: train message 3c311e65-fb1b-4a6c-89f9-b27b18d6dca3
07:40:35 - [Client Training - FDA] Successfully sent local states to server!
07:40:35 - [Client Training - FDA] Successfully received variance approximation from server: 1.5000!
07:40:35 - [Client Training] Epoch 0/1 complete!
[92mINFO [0m:      Sent reply
07:40:35 - Sent reply
[92mINFO [0m:      
07:40:37 - 
[92mINFO [0m:      Received: train message f69de0dc-3e2e-481a-885f-25a65c8161fd
07:40:37 - Received: train message f69de0dc-3e2e-481a-885f-25a65c8161fd
07:40:41 - [Client Training - FDA] Successfully sent local states to server!
07:40:41 - [Client Training - FDA] Successfully received variance approximation from server: 1.5000!
07:40:41 - [Client Training] Epoch 0/1 complete!
[92mINFO [0m:      Sent reply
07:40:41 - Sent reply
[92mINFO [0m:      
07:40:43 - 
[92mINFO [0m:      Received: train message c4379470-20ad-4fde-b04a-e22e14120156
07:40:43 - Received: train message c4379470-20ad-4fde-b04a-e22e14120156
07:40:47 - [Client Training - FDA] Successfully sent local states to server!
07:40:47 - [Client Training - FDA] Successfully received variance approximation from server: 1.5000!
07:40:47 - [Client Training] Epoch 0/1 complete!
[92mINFO [0m:      Sent reply
07:40:47 - Sent reply
[92mINFO [0m:      
07:40:49 - 
[92mINFO [0m:      Received: train message 16d4d010-606e-43da-b47f-b4c8fb469eeb
07:40:49 - Received: train message 16d4d010-606e-43da-b47f-b4c8fb469eeb
07:40:53 - [Client Training - FDA] Successfully sent local states to server!
07:40:53 - [Client Training - FDA] Successfully received variance approximation from server: 1.5000!
07:40:53 - [Client Training] Epoch 0/1 complete!
[92mINFO [0m:      Sent reply
07:40:53 - Sent reply
[92mINFO [0m:      
07:40:55 - 
[92mINFO [0m:      Received: train message 84a918d1-f3ac-471e-907f-5fc6cb9ca431
07:40:55 - Received: train message 84a918d1-f3ac-471e-907f-5fc6cb9ca431
07:40:59 - [Client Training - FDA] Successfully sent local states to server!
07:40:59 - [Client Training - FDA] Successfully received variance approximation from server: 1.5000!
07:40:59 - [Client Training] Epoch 0/1 complete!
[92mINFO [0m:      Sent reply
07:40:59 - Sent reply
[92mINFO [0m:      
07:41:01 - 
[92mINFO [0m:      Received: train message c49d22c0-27a6-47fb-950d-ebba152f18bb
07:41:01 - Received: train message c49d22c0-27a6-47fb-950d-ebba152f18bb
07:41:05 - [Client Training - FDA] Successfully sent local states to server!
07:41:05 - [Client Training - FDA] Successfully received variance approximation from server: 1.5000!
07:41:05 - [Client Training] Epoch 0/1 complete!
[92mINFO [0m:      Sent reply
07:41:05 - Sent reply
