[93mWARNING [0m:   DEPRECATED FEATURE: flwr.client.start_client() is deprecated.
	Instead, use the `flower-supernode` CLI command to start a SuperNode as shown below:

		$ flower-supernode --insecure --superlink='<IP>:<PORT>'

	To view all available options, run:

		$ flower-supernode --help

	Using `start_client()` is deprecated.

            This is a deprecated feature. It will be removed
            entirely in future versions of Flower.
        
13:00:38 - DEPRECATED FEATURE: flwr.client.start_client() is deprecated.
	Instead, use the `flower-supernode` CLI command to start a SuperNode as shown below:

		$ flower-supernode --insecure --superlink='<IP>:<PORT>'

	To view all available options, run:

		$ flower-supernode --help

	Using `start_client()` is deprecated.

            This is a deprecated feature. It will be removed
            entirely in future versions of Flower.
        
13:00:38 - Opened insecure gRPC connection (no certificates were passed)
13:00:38 - ChannelConnectivity.IDLE
13:00:38 - ChannelConnectivity.CONNECTING
13:00:38 - ChannelConnectivity.READY
[92mINFO [0m:      
13:00:39 - 
[92mINFO [0m:      Received: train message c44138e8-b14e-423a-9c14-fdb01235bca4
13:00:39 - Received: train message c44138e8-b14e-423a-9c14-fdb01235bca4
13:00:44 - [Client Training - FDA-Opt] Successfully sent local state to server!
13:00:44 - [Client Training - FDA-Opt] Successfully received variance approximation from server: 0.0064!
13:00:44 - [Client Training - FDA-Opt] Epoch 1/1 complete!
[92mINFO [0m:      Sent reply
13:00:44 - Sent reply
[92mINFO [0m:      
13:00:46 - 
[92mINFO [0m:      Received: train message bb31d343-e858-4e13-b901-5e36c40a1d98
13:00:46 - Received: train message bb31d343-e858-4e13-b901-5e36c40a1d98
13:00:51 - [Client Training - FDA-Opt] Successfully sent local state to server!
13:00:51 - [Client Training - FDA-Opt] Successfully received variance approximation from server: 0.0066!
13:00:51 - [Client Training - FDA-Opt] Epoch 1/1 complete!
[92mINFO [0m:      Sent reply
13:00:51 - Sent reply
[92mINFO [0m:      
13:00:54 - 
[92mINFO [0m:      Received: train message deb468ba-3619-4077-b0ce-72c66c315d49
13:00:54 - Received: train message deb468ba-3619-4077-b0ce-72c66c315d49
