[93mWARNING [0m:   DEPRECATED FEATURE: flwr.client.start_client() is deprecated.
	Instead, use the `flower-supernode` CLI command to start a SuperNode as shown below:

		$ flower-supernode --insecure --superlink='<IP>:<PORT>'

	To view all available options, run:

		$ flower-supernode --help

	Using `start_client()` is deprecated.

            This is a deprecated feature. It will be removed
            entirely in future versions of Flower.
        
07:39:37 - DEPRECATED FEATURE: flwr.client.start_client() is deprecated.
	Instead, use the `flower-supernode` CLI command to start a SuperNode as shown below:

		$ flower-supernode --insecure --superlink='<IP>:<PORT>'

	To view all available options, run:

		$ flower-supernode --help

	Using `start_client()` is deprecated.

            This is a deprecated feature. It will be removed
            entirely in future versions of Flower.
        
07:39:37 - Opened insecure gRPC connection (no certificates were passed)
07:39:37 - ChannelConnectivity.IDLE
07:39:37 - ChannelConnectivity.CONNECTING
07:39:37 - ChannelConnectivity.READY
[92mINFO [0m:      
07:39:37 - 
[92mINFO [0m:      Received: train message 7c4330e4-2dad-44d3-b112-6fad8d0d3ca4
07:39:37 - Received: train message 7c4330e4-2dad-44d3-b112-6fad8d0d3ca4
