[93mWARNING [0m:   DEPRECATED FEATURE: flwr.client.start_client() is deprecated.
	Instead, use the `flower-supernode` CLI command to start a SuperNode as shown below:

		$ flower-supernode --insecure --superlink='<IP>:<PORT>'

	To view all available options, run:

		$ flower-supernode --help

	Using `start_client()` is deprecated.

            This is a deprecated feature. It will be removed
            entirely in future versions of Flower.
        
13:12:56 - DEPRECATED FEATURE: flwr.client.start_client() is deprecated.
	Instead, use the `flower-supernode` CLI command to start a SuperNode as shown below:

		$ flower-supernode --insecure --superlink='<IP>:<PORT>'

	To view all available options, run:

		$ flower-supernode --help

	Using `start_client()` is deprecated.

            This is a deprecated feature. It will be removed
            entirely in future versions of Flower.
        
13:12:56 - Opened insecure gRPC connection (no certificates were passed)
13:12:56 - ChannelConnectivity.IDLE
13:12:56 - ChannelConnectivity.CONNECTING
13:12:56 - ChannelConnectivity.READY
[92mINFO [0m:      
13:12:56 - 
[92mINFO [0m:      Received: train message f3a3e1ef-6390-4424-bba3-3bb0cf93966c
13:12:56 - Received: train message f3a3e1ef-6390-4424-bba3-3bb0cf93966c
13:12:58 - [Client Training - FDA] Config: {'threshold': '1000'}!
13:13:02 - [Client Training - FDA-Opt] Successfully sent local state to server!
13:13:02 - [Client Training - FDA-Opt] Successfully received variance approximation from server: 0.0079!
13:13:02 - [Client Training - FDA-Opt] Epoch 1/1 complete!
[92mINFO [0m:      Sent reply
13:13:02 - Sent reply
[92mINFO [0m:      
13:13:04 - 
[92mINFO [0m:      Received: train message e26d5317-e0be-4003-a361-a712c155cbfe
13:13:04 - Received: train message e26d5317-e0be-4003-a361-a712c155cbfe
13:13:06 - [Client Training - FDA] Config: {'threshold': 'tensor(0.0084)'}!
13:13:10 - [Client Training - FDA-Opt] Successfully sent local state to server!
13:13:10 - [Client Training - FDA-Opt] Successfully received variance approximation from server: 0.0069!
13:13:10 - [Client Training - FDA-Opt] Epoch 1/1 complete!
[92mINFO [0m:      Sent reply
13:13:10 - Sent reply
[92mINFO [0m:      
13:13:12 - 
[92mINFO [0m:      Received: train message 0263a596-8009-44f4-93ab-8e3385940d90
13:13:12 - Received: train message 0263a596-8009-44f4-93ab-8e3385940d90
13:13:13 - [Client Training - FDA] Config: {'threshold': 'tensor(0.0046)'}!
13:13:17 - [Client Training - FDA-Opt] Successfully sent local state to server!
13:13:17 - [Client Training - FDA-Opt] Successfully received variance approximation from server: 0.0083!
13:13:17 - [Client Training - FDA-Opt] Epoch 1/1 complete!
[92mINFO [0m:      Sent reply
13:13:17 - Sent reply
[92mINFO [0m:      
13:13:19 - 
[92mINFO [0m:      Received: train message fc40b085-428a-417e-a871-c5ede9ebeef3
13:13:19 - Received: train message fc40b085-428a-417e-a871-c5ede9ebeef3
13:13:20 - [Client Training - FDA] Config: {'threshold': 'tensor(0.0063)'}!
13:13:24 - [Client Training - FDA-Opt] Successfully sent local state to server!
13:13:24 - [Client Training - FDA-Opt] Successfully received variance approximation from server: 0.2337!
13:13:24 - [Client Training - FDA-Opt] Epoch 1/1 complete!
[92mINFO [0m:      Sent reply
13:13:24 - Sent reply
[92mINFO [0m:      
13:13:26 - 
[92mINFO [0m:      Received: train message 90532751-a852-45b5-a8f3-7ac2e155054b
13:13:26 - Received: train message 90532751-a852-45b5-a8f3-7ac2e155054b
13:13:27 - [Client Training - FDA] Config: {'threshold': 'tensor(0.2544)'}!
13:13:31 - [Client Training - FDA-Opt] Successfully sent local state to server!
13:13:31 - [Client Training - FDA-Opt] Successfully received variance approximation from server: 0.0162!
13:13:31 - [Client Training - FDA-Opt] Epoch 1/1 complete!
[92mINFO [0m:      Sent reply
13:13:31 - Sent reply
[92mINFO [0m:      
13:13:34 - 
[92mINFO [0m:      Received: train message a1f263c2-1cdc-47c4-9a23-ee49ac141946
13:13:34 - Received: train message a1f263c2-1cdc-47c4-9a23-ee49ac141946
13:13:35 - [Client Training - FDA] Config: {'threshold': 'tensor(0.0126)'}!
