[93mWARNING [0m:   DEPRECATED FEATURE: flwr.client.start_client() is deprecated.
	Instead, use the `flower-supernode` CLI command to start a SuperNode as shown below:

		$ flower-supernode --insecure --superlink='<IP>:<PORT>'

	To view all available options, run:

		$ flower-supernode --help

	Using `start_client()` is deprecated.

            This is a deprecated feature. It will be removed
            entirely in future versions of Flower.
        
10:06:24 - DEPRECATED FEATURE: flwr.client.start_client() is deprecated.
	Instead, use the `flower-supernode` CLI command to start a SuperNode as shown below:

		$ flower-supernode --insecure --superlink='<IP>:<PORT>'

	To view all available options, run:

		$ flower-supernode --help

	Using `start_client()` is deprecated.

            This is a deprecated feature. It will be removed
            entirely in future versions of Flower.
        
10:06:24 - Opened insecure gRPC connection (no certificates were passed)
10:06:24 - ChannelConnectivity.IDLE
10:06:24 - ChannelConnectivity.READY
[92mINFO [0m:      
10:06:24 - 
[92mINFO [0m:      Received: train message adcdf9c9-ccec-4018-8e0e-25eaf3bfa7d8
10:06:24 - Received: train message adcdf9c9-ccec-4018-8e0e-25eaf3bfa7d8
10:06:29 - [Client Training - FDA-Opt] Successfully sent local state to server!
10:06:30 - [Client Training - FDA-Opt] Successfully received variance approximation from server: 0.0082!
10:06:30 - [Client Training - FDA-Opt] Epoch 1/1 complete!
[92mINFO [0m:      Sent reply
10:06:30 - Sent reply
[92mINFO [0m:      
10:06:32 - 
[92mINFO [0m:      Received: train message 22aa7059-6bdf-4768-9725-2bb407a0e58a
10:06:32 - Received: train message 22aa7059-6bdf-4768-9725-2bb407a0e58a
