[93mWARNING [0m:   DEPRECATED FEATURE: flwr.client.start_client() is deprecated.
	Instead, use the `flower-supernode` CLI command to start a SuperNode as shown below:

		$ flower-supernode --insecure --superlink='<IP>:<PORT>'

	To view all available options, run:

		$ flower-supernode --help

	Using `start_client()` is deprecated.

            This is a deprecated feature. It will be removed
            entirely in future versions of Flower.
        
WARNING:flwr:DEPRECATED FEATURE: flwr.client.start_client() is deprecated.
	Instead, use the `flower-supernode` CLI command to start a SuperNode as shown below:

		$ flower-supernode --insecure --superlink='<IP>:<PORT>'

	To view all available options, run:

		$ flower-supernode --help

	Using `start_client()` is deprecated.

            This is a deprecated feature. It will be removed
            entirely in future versions of Flower.
        
DEBUG:flwr:Opened insecure gRPC connection (no certificates were passed)
DEBUG:flwr:ChannelConnectivity.IDLE
DEBUG:flwr:ChannelConnectivity.CONNECTING
DEBUG:flwr:ChannelConnectivity.READY
[92mINFO [0m:      
INFO:flwr:
[92mINFO [0m:      Received: train message 02f8287b-e179-4a0c-915f-0f801469ce86
INFO:flwr:Received: train message 02f8287b-e179-4a0c-915f-0f801469ce86
[92mINFO [0m:      Sent reply
INFO:flwr:Sent reply
[92mINFO [0m:      
INFO:flwr:
[92mINFO [0m:      Received: train message 6bde06b3-6284-4d97-a5f2-fdaaf7fdce7a
INFO:flwr:Received: train message 6bde06b3-6284-4d97-a5f2-fdaaf7fdce7a
