[93mWARNING [0m:   DEPRECATED FEATURE: flwr.client.start_client() is deprecated.
	Instead, use the `flower-supernode` CLI command to start a SuperNode as shown below:

		$ flower-supernode --insecure --superlink='<IP>:<PORT>'

	To view all available options, run:

		$ flower-supernode --help

	Using `start_client()` is deprecated.

            This is a deprecated feature. It will be removed
            entirely in future versions of Flower.
        
12:55:07 - DEPRECATED FEATURE: flwr.client.start_client() is deprecated.
	Instead, use the `flower-supernode` CLI command to start a SuperNode as shown below:

		$ flower-supernode --insecure --superlink='<IP>:<PORT>'

	To view all available options, run:

		$ flower-supernode --help

	Using `start_client()` is deprecated.

            This is a deprecated feature. It will be removed
            entirely in future versions of Flower.
        
12:55:07 - Opened insecure gRPC connection (no certificates were passed)
12:55:07 - ChannelConnectivity.IDLE
12:55:07 - ChannelConnectivity.CONNECTING
12:55:07 - ChannelConnectivity.READY
[92mINFO [0m:      
12:55:07 - 
[92mINFO [0m:      Received: train message 7e01f81d-839c-4660-b473-7a6e2fcf0c4a
12:55:07 - Received: train message 7e01f81d-839c-4660-b473-7a6e2fcf0c4a
12:55:12 - [Client Training - FDA-Opt] Successfully sent local state to server!
12:55:13 - [Client Training - FDA-Opt] Successfully received variance approximation from server: 0.0071!
12:55:13 - [Client Training - FDA-Opt] Epoch 1/1 complete!
[92mINFO [0m:      Sent reply
12:55:13 - Sent reply
