[93mWARNING [0m:   DEPRECATED FEATURE: flwr.client.start_client() is deprecated.
	Instead, use the `flower-supernode` CLI command to start a SuperNode as shown below:

		$ flower-supernode --insecure --superlink='<IP>:<PORT>'

	To view all available options, run:

		$ flower-supernode --help

	Using `start_client()` is deprecated.

            This is a deprecated feature. It will be removed
            entirely in future versions of Flower.
        
13:12:56 - DEPRECATED FEATURE: flwr.client.start_client() is deprecated.
	Instead, use the `flower-supernode` CLI command to start a SuperNode as shown below:

		$ flower-supernode --insecure --superlink='<IP>:<PORT>'

	To view all available options, run:

		$ flower-supernode --help

	Using `start_client()` is deprecated.

            This is a deprecated feature. It will be removed
            entirely in future versions of Flower.
        
13:12:56 - Opened insecure gRPC connection (no certificates were passed)
13:12:56 - ChannelConnectivity.IDLE
13:12:56 - ChannelConnectivity.CONNECTING
13:12:56 - ChannelConnectivity.READY
[92mINFO [0m:      
13:12:56 - 
[92mINFO [0m:      Received: train message 2d4335f0-d241-428e-8cc2-48758ed3f8fc
13:12:56 - Received: train message 2d4335f0-d241-428e-8cc2-48758ed3f8fc
13:12:58 - [Client Training - FDA] Config: {'threshold': '1000'}!
13:13:01 - [Client Training - FDA-Opt] Successfully sent local state to server!
13:13:02 - [Client Training - FDA-Opt] Successfully received variance approximation from server: 0.0079!
13:13:02 - [Client Training - FDA-Opt] Epoch 1/1 complete!
[92mINFO [0m:      Sent reply
13:13:02 - Sent reply
[92mINFO [0m:      
13:13:04 - 
[92mINFO [0m:      Received: train message 773f2f7c-e7d9-4bb3-82df-0b2a5fba4a64
13:13:04 - Received: train message 773f2f7c-e7d9-4bb3-82df-0b2a5fba4a64
13:13:06 - [Client Training - FDA] Config: {'threshold': 'tensor(0.0084)'}!
13:13:08 - [Client Training - FDA-Opt] Successfully sent local state to server!
13:13:10 - [Client Training - FDA-Opt] Successfully received variance approximation from server: 0.0069!
13:13:10 - [Client Training - FDA-Opt] Epoch 1/1 complete!
[92mINFO [0m:      Sent reply
13:13:10 - Sent reply
[92mINFO [0m:      
13:13:12 - 
[92mINFO [0m:      Received: train message 855e1bcb-3722-4f8f-936d-c3022caf3dd5
13:13:12 - Received: train message 855e1bcb-3722-4f8f-936d-c3022caf3dd5
13:13:13 - [Client Training - FDA] Config: {'threshold': 'tensor(0.0046)'}!
13:13:16 - [Client Training - FDA-Opt] Successfully sent local state to server!
