[93mWARNING [0m:   DEPRECATED FEATURE: flwr.client.start_client() is deprecated.
	Instead, use the `flower-supernode` CLI command to start a SuperNode as shown below:

		$ flower-supernode --insecure --superlink='<IP>:<PORT>'

	To view all available options, run:

		$ flower-supernode --help

	Using `start_client()` is deprecated.

            This is a deprecated feature. It will be removed
            entirely in future versions of Flower.
        
11:31:58 - DEPRECATED FEATURE: flwr.client.start_client() is deprecated.
	Instead, use the `flower-supernode` CLI command to start a SuperNode as shown below:

		$ flower-supernode --insecure --superlink='<IP>:<PORT>'

	To view all available options, run:

		$ flower-supernode --help

	Using `start_client()` is deprecated.

            This is a deprecated feature. It will be removed
            entirely in future versions of Flower.
        
11:31:58 - Opened insecure gRPC connection (no certificates were passed)
11:31:58 - ChannelConnectivity.IDLE
11:31:58 - ChannelConnectivity.CONNECTING
11:31:58 - ChannelConnectivity.READY
[92mINFO [0m:      
11:31:59 - 
[92mINFO [0m:      Received: train message 86331ca1-3418-4033-ac07-727109bc4bb6
11:31:59 - Received: train message 86331ca1-3418-4033-ac07-727109bc4bb6
11:32:03 - [Client Training - FDA-Opt] Successfully sent local state to server!
11:32:05 - [Client Training - FDA-Opt] Successfully received variance approximation from server: 0.0077!
11:32:05 - [Client Training - FDA-Opt] Epoch 1/1 complete!
[92mINFO [0m:      Sent reply
11:32:05 - Sent reply
