[93mWARNING [0m:   DEPRECATED FEATURE: flwr.client.start_client() is deprecated.
	Instead, use the `flower-supernode` CLI command to start a SuperNode as shown below:

		$ flower-supernode --insecure --superlink='<IP>:<PORT>'

	To view all available options, run:

		$ flower-supernode --help

	Using `start_client()` is deprecated.

            This is a deprecated feature. It will be removed
            entirely in future versions of Flower.
        
WARNING:flwr:DEPRECATED FEATURE: flwr.client.start_client() is deprecated.
	Instead, use the `flower-supernode` CLI command to start a SuperNode as shown below:

		$ flower-supernode --insecure --superlink='<IP>:<PORT>'

	To view all available options, run:

		$ flower-supernode --help

	Using `start_client()` is deprecated.

            This is a deprecated feature. It will be removed
            entirely in future versions of Flower.
        
DEBUG:flwr:Opened insecure gRPC connection (no certificates were passed)
DEBUG:flwr:ChannelConnectivity.IDLE
DEBUG:flwr:ChannelConnectivity.CONNECTING
DEBUG:flwr:ChannelConnectivity.READY
[92mINFO [0m:      
INFO:flwr:
[92mINFO [0m:      Received: train message 31d5ff34-5aac-467d-9ee1-d2eaa92c8279
INFO:flwr:Received: train message 31d5ff34-5aac-467d-9ee1-d2eaa92c8279
[92mINFO [0m:      Sent reply
INFO:flwr:Sent reply
