[93mWARNING [0m:   DEPRECATED FEATURE: flwr.client.start_client() is deprecated.
	Instead, use the `flower-supernode` CLI command to start a SuperNode as shown below:

		$ flower-supernode --insecure --superlink='<IP>:<PORT>'

	To view all available options, run:

		$ flower-supernode --help

	Using `start_client()` is deprecated.

            This is a deprecated feature. It will be removed
            entirely in future versions of Flower.
        
13:05:09 - DEPRECATED FEATURE: flwr.client.start_client() is deprecated.
	Instead, use the `flower-supernode` CLI command to start a SuperNode as shown below:

		$ flower-supernode --insecure --superlink='<IP>:<PORT>'

	To view all available options, run:

		$ flower-supernode --help

	Using `start_client()` is deprecated.

            This is a deprecated feature. It will be removed
            entirely in future versions of Flower.
        
13:05:09 - Opened insecure gRPC connection (no certificates were passed)
13:05:09 - ChannelConnectivity.IDLE
13:05:09 - ChannelConnectivity.CONNECTING
13:05:09 - ChannelConnectivity.READY
[92mINFO [0m:      
13:05:10 - 
[92mINFO [0m:      Received: train message 9ab1cede-6063-48a5-9357-88d2aecff2c4
13:05:10 - Received: train message 9ab1cede-6063-48a5-9357-88d2aecff2c4
13:05:11 - [Client Training - FDA] Config: {}!
