[93mWARNING [0m:   DEPRECATED FEATURE: flwr.client.start_client() is deprecated.
	Instead, use the `flower-supernode` CLI command to start a SuperNode as shown below:

		$ flower-supernode --insecure --superlink='<IP>:<PORT>'

	To view all available options, run:

		$ flower-supernode --help

	Using `start_client()` is deprecated.

            This is a deprecated feature. It will be removed
            entirely in future versions of Flower.
        
10:04:30 - DEPRECATED FEATURE: flwr.client.start_client() is deprecated.
	Instead, use the `flower-supernode` CLI command to start a SuperNode as shown below:

		$ flower-supernode --insecure --superlink='<IP>:<PORT>'

	To view all available options, run:

		$ flower-supernode --help

	Using `start_client()` is deprecated.

            This is a deprecated feature. It will be removed
            entirely in future versions of Flower.
        
10:04:30 - Opened insecure gRPC connection (no certificates were passed)
10:04:30 - ChannelConnectivity.IDLE
10:04:30 - ChannelConnectivity.READY
[92mINFO [0m:      
10:04:30 - 
[92mINFO [0m:      Received: train message 1edb97c1-1773-4439-a546-aac7661cc9c6
10:04:30 - Received: train message 1edb97c1-1773-4439-a546-aac7661cc9c6
10:04:34 - [Client Training - FDA-Opt] Successfully sent local state to server!
10:04:36 - [Client Training - FDA-Opt] Successfully received variance approximation from server: 0.0068!
10:04:36 - [Client Training - FDA-Opt] Epoch 1/1 complete!
[92mINFO [0m:      Sent reply
10:04:36 - Sent reply
[92mINFO [0m:      
10:04:38 - 
[92mINFO [0m:      Received: train message fc9a656b-d307-4fd3-a4bc-54acd441df9a
10:04:38 - Received: train message fc9a656b-d307-4fd3-a4bc-54acd441df9a
10:04:41 - [Client Training - FDA-Opt] Successfully sent local state to server!
10:04:42 - [Client Training - FDA-Opt] Successfully received variance approximation from server: 0.0092!
10:04:42 - [Client Training - FDA-Opt] Epoch 1/1 complete!
[92mINFO [0m:      Sent reply
10:04:42 - Sent reply
[92mINFO [0m:      
10:04:44 - 
[92mINFO [0m:      Received: train message 2861c756-98bc-4001-af5b-4c1e2af1ce50
10:04:44 - Received: train message 2861c756-98bc-4001-af5b-4c1e2af1ce50
10:04:48 - [Client Training - FDA-Opt] Successfully sent local state to server!
10:04:48 - [Client Training - FDA-Opt] Successfully received variance approximation from server: 0.0197!
10:04:48 - [Client Training - FDA-Opt] Epoch 1/1 complete!
[92mINFO [0m:      Sent reply
10:04:48 - Sent reply
[92mINFO [0m:      
10:04:50 - 
[92mINFO [0m:      Received: train message 22af1b5d-dbf3-4a42-9351-786cc5711160
10:04:50 - Received: train message 22af1b5d-dbf3-4a42-9351-786cc5711160
10:04:53 - [Client Training - FDA-Opt] Successfully sent local state to server!
10:04:54 - [Client Training - FDA-Opt] Successfully received variance approximation from server: 0.0474!
10:04:54 - [Client Training - FDA-Opt] Epoch 1/1 complete!
[92mINFO [0m:      Sent reply
10:04:55 - Sent reply
