[93mWARNING [0m:   DEPRECATED FEATURE: flwr.client.start_client() is deprecated.
	Instead, use the `flower-supernode` CLI command to start a SuperNode as shown below:

		$ flower-supernode --insecure --superlink='<IP>:<PORT>'

	To view all available options, run:

		$ flower-supernode --help

	Using `start_client()` is deprecated.

            This is a deprecated feature. It will be removed
            entirely in future versions of Flower.
        
08:43:01 - DEPRECATED FEATURE: flwr.client.start_client() is deprecated.
	Instead, use the `flower-supernode` CLI command to start a SuperNode as shown below:

		$ flower-supernode --insecure --superlink='<IP>:<PORT>'

	To view all available options, run:

		$ flower-supernode --help

	Using `start_client()` is deprecated.

            This is a deprecated feature. It will be removed
            entirely in future versions of Flower.
        
08:43:01 - Opened insecure gRPC connection (no certificates were passed)
08:43:01 - ChannelConnectivity.IDLE
08:43:01 - ChannelConnectivity.READY
[92mINFO [0m:      
08:43:01 - 
[92mINFO [0m:      Received: train message 0c662e0a-4c89-4601-a6a9-a175f2c852c4
08:43:01 - Received: train message 0c662e0a-4c89-4601-a6a9-a175f2c852c4
08:43:06 - [Client Training - FDA-Opt] Successfully sent local state to server!
08:43:06 - [Client Training - FDA-Opt] Successfully received variance approximation from server: 1.5000!
08:43:06 - [Client Training - FDA-Opt] Epoch 1/1 complete!
[92mINFO [0m:      Sent reply
08:43:06 - Sent reply
[92mINFO [0m:      
08:43:08 - 
[92mINFO [0m:      Received: train message 8d6cf629-cc77-49cf-af3e-cac782905702
08:43:08 - Received: train message 8d6cf629-cc77-49cf-af3e-cac782905702
08:43:13 - [Client Training - FDA-Opt] Successfully sent local state to server!
08:43:13 - [Client Training - FDA-Opt] Successfully received variance approximation from server: 1.5000!
08:43:13 - [Client Training - FDA-Opt] Epoch 1/1 complete!
[92mINFO [0m:      Sent reply
08:43:13 - Sent reply
