[93mWARNING [0m:   DEPRECATED FEATURE: flwr.client.start_client() is deprecated.
	Instead, use the `flower-supernode` CLI command to start a SuperNode as shown below:

		$ flower-supernode --insecure --superlink='<IP>:<PORT>'

	To view all available options, run:

		$ flower-supernode --help

	Using `start_client()` is deprecated.

            This is a deprecated feature. It will be removed
            entirely in future versions of Flower.
        
14:02:55 - DEPRECATED FEATURE: flwr.client.start_client() is deprecated.
	Instead, use the `flower-supernode` CLI command to start a SuperNode as shown below:

		$ flower-supernode --insecure --superlink='<IP>:<PORT>'

	To view all available options, run:

		$ flower-supernode --help

	Using `start_client()` is deprecated.

            This is a deprecated feature. It will be removed
            entirely in future versions of Flower.
        
14:02:55 - Opened insecure gRPC connection (no certificates were passed)
14:02:55 - ChannelConnectivity.IDLE
14:02:55 - ChannelConnectivity.CONNECTING
14:02:55 - ChannelConnectivity.READY
[92mINFO [0m:      
14:02:56 - 
[92mINFO [0m:      Received: train message afe461f3-b6b7-4128-815b-906fd4c22d59
14:02:56 - Received: train message afe461f3-b6b7-4128-815b-906fd4c22d59
14:02:58 - [Client Fit] Config: {'threshold': '1000'}!
14:02:58 - [Client - FDA-Opt] Round's Threshold: 1000!
14:03:06 - [Client Training - FDA-Opt] Successfully sent local state to server!
14:03:06 - [Client Training - FDA-Opt] Successfully received variance approximation from server: 0.0072!
14:03:06 - [Client Training - FDA-Opt] Epoch 1/1 complete!
14:03:06 - [Client Training - FDA-Opt] Variance approximation is still bellow the threshold!
[92mINFO [0m:      Sent reply
14:03:07 - Sent reply
[92mINFO [0m:      
14:03:09 - 
[92mINFO [0m:      Received: train message 8d81c6c9-7fe9-4ec9-89e0-0620dae06549
14:03:09 - Received: train message 8d81c6c9-7fe9-4ec9-89e0-0620dae06549
14:03:11 - [Client Fit] Config: {'threshold': '0.0069647738710045815'}!
14:03:11 - [Client - FDA-Opt] Round's Threshold: 0.0069647738710045815!
14:03:18 - [Client Training - FDA-Opt] Successfully sent local state to server!
14:03:18 - [Client Training - FDA-Opt] Successfully received variance approximation from server: 0.0014!
14:03:18 - [Client Training - FDA-Opt] Epoch 1/1 complete!
14:03:18 - [Client Training - FDA-Opt] Variance approximation is still bellow the threshold!
[92mINFO [0m:      Sent reply
14:03:18 - Sent reply
[92mINFO [0m:      
14:03:21 - 
[92mINFO [0m:      Received: train message d71ff745-121c-4044-b4fd-80a20b0c8603
14:03:21 - Received: train message d71ff745-121c-4044-b4fd-80a20b0c8603
14:03:23 - [Client Fit] Config: {'threshold': '0.005019893869757652'}!
14:03:23 - [Client - FDA-Opt] Round's Threshold: 0.005019893869757652!
14:03:30 - [Client Training - FDA-Opt] Successfully sent local state to server!
14:03:30 - [Client Training - FDA-Opt] Successfully received variance approximation from server: 0.0065!
14:03:30 - [Client Training - FDA-Opt] Epoch 1/1 complete!
14:03:30 - [Client Training - FDA-Opt] Threshold is violated. Ending round!
[92mINFO [0m:      Sent reply
14:03:30 - Sent reply
[92mINFO [0m:      
14:03:33 - 
[92mINFO [0m:      Received: train message 87170830-ad3b-4470-beda-a19ccc77fd93
14:03:33 - Received: train message 87170830-ad3b-4470-beda-a19ccc77fd93
14:03:34 - [Client Fit] Config: {'threshold': '0.007323870435357094'}!
14:03:34 - [Client - FDA-Opt] Round's Threshold: 0.007323870435357094!
