11:46:20 - PyTorch version 2.5.1 available.
[93mWARNING [0m:   DEPRECATED FEATURE: flwr.server.start_server() is deprecated.
	Instead, use the `flower-superlink` CLI command to start a SuperLink as shown below:

		$ flower-superlink --insecure

	To view usage and all available options, run:

		$ flower-superlink --help

	Using `start_server()` is deprecated.

            This is a deprecated feature. It will be removed
            entirely in future versions of Flower.
        
11:46:29 - DEPRECATED FEATURE: flwr.server.start_server() is deprecated.
	Instead, use the `flower-superlink` CLI command to start a SuperLink as shown below:

		$ flower-superlink --insecure

	To view usage and all available options, run:

		$ flower-superlink --help

	Using `start_server()` is deprecated.

            This is a deprecated feature. It will be removed
            entirely in future versions of Flower.
        
[92mINFO [0m:      Starting Flower server, config: num_rounds=100, no round_timeout
11:46:29 - Starting Flower server, config: num_rounds=100, no round_timeout
[92mINFO [0m:      Flower ECE: gRPC server running (100 rounds), SSL is disabled
11:46:29 - Flower ECE: gRPC server running (100 rounds), SSL is disabled
[92mINFO [0m:      [INIT]
11:46:29 - [INIT]
[92mINFO [0m:      Using initial global parameters provided by strategy
11:46:29 - Using initial global parameters provided by strategy
[92mINFO [0m:      Starting evaluation of initial global parameters
11:46:29 - Starting evaluation of initial global parameters
[92mINFO [0m:      initial parameters (loss, other metrics): 0.6863794829331192, {'accuracy': 0.6004901960784313, 'f1': 0.6895238095238095, 'testing_loss': 0.6863794829331192}
11:46:30 - initial parameters (loss, other metrics): 0.6863794829331192, {'accuracy': 0.6004901960784313, 'f1': 0.6895238095238095, 'testing_loss': 0.6863794829331192}
[92mINFO [0m:      
11:46:30 - 
[92mINFO [0m:      [ROUND 1]
11:46:30 - [ROUND 1]
[92mINFO [0m:      configure_fit: strategy sampled 2 clients (out of 2)
11:46:36 - configure_fit: strategy sampled 2 clients (out of 2)
11:46:41 - [Monitor Variance] Aggregated local states successfully from Client IDs [1, 0]!
11:46:41 - [Monitor Variance] Successfully sent back to Client 1 at localhost:9201 the variance approximation 0.0066!
11:46:41 - [Monitor Variance] Successfully sent back to Client 0 at localhost:9199 the variance approximation 0.0066!
[92mINFO [0m:      aggregate_fit: received 2 results and 0 failures
11:46:42 - aggregate_fit: received 2 results and 0 failures
11:46:42 - [FdaAdam] weights_results_c1_0 41!
11:46:42 - [FdaAdam] weights_results_c1_1 <class 'int'>!
[93mWARNING [0m:   No fit_metrics_aggregation_fn provided
11:46:42 - No fit_metrics_aggregation_fn provided
11:46:42 - [FdaAdam] fedavg_parameters_aggregated <class 'flwr.common.typing.Parameters'>!
Traceback (most recent call last):
  File "/home/mtheologitis/anaconda3/envs/flower/lib/python3.10/runpy.py", line 196, in _run_module_as_main
    return _run_code(code, main_globals, None,
  File "/home/mtheologitis/anaconda3/envs/flower/lib/python3.10/runpy.py", line 86, in _run_code
    exec(code, run_globals)
  File "/home/mtheologitis/FDA-Opt-Sys/fdaopt/server.py", line 124, in <module>
    start_server(
  File "/home/mtheologitis/anaconda3/envs/flower/lib/python3.10/site-packages/flwr/server/app.py", line 230, in start_server
    hist = run_fl(
  File "/home/mtheologitis/anaconda3/envs/flower/lib/python3.10/site-packages/flwr/server/server.py", line 492, in run_fl
    hist, elapsed_time = server.fit(
  File "/home/mtheologitis/anaconda3/envs/flower/lib/python3.10/site-packages/flwr/server/server.py", line 115, in fit
    res_fit = self.fit_round(
  File "/home/mtheologitis/anaconda3/envs/flower/lib/python3.10/site-packages/flwr/server/server.py", line 251, in fit_round
    ] = self.strategy.aggregate_fit(server_round, results, failures)
  File "/home/mtheologitis/FDA-Opt-Sys/fdaopt/fda_strategies.py", line 55, in aggregate_fit
    logging.info(f"[FdaAdam] fedavg_parameters_aggregated {len(fedavg_parameters_aggregated)}!")
TypeError: object of type 'Parameters' has no len()
