12:38:28 - PyTorch version 2.5.1 available.
[93mWARNING [0m:   DEPRECATED FEATURE: flwr.server.start_server() is deprecated.
	Instead, use the `flower-superlink` CLI command to start a SuperLink as shown below:

		$ flower-superlink --insecure

	To view usage and all available options, run:

		$ flower-superlink --help

	Using `start_server()` is deprecated.

            This is a deprecated feature. It will be removed
            entirely in future versions of Flower.
        
12:38:37 - DEPRECATED FEATURE: flwr.server.start_server() is deprecated.
	Instead, use the `flower-superlink` CLI command to start a SuperLink as shown below:

		$ flower-superlink --insecure

	To view usage and all available options, run:

		$ flower-superlink --help

	Using `start_server()` is deprecated.

            This is a deprecated feature. It will be removed
            entirely in future versions of Flower.
        
[92mINFO [0m:      Starting Flower server, config: num_rounds=100, no round_timeout
12:38:37 - Starting Flower server, config: num_rounds=100, no round_timeout
[92mINFO [0m:      Flower ECE: gRPC server running (100 rounds), SSL is disabled
12:38:37 - Flower ECE: gRPC server running (100 rounds), SSL is disabled
[92mINFO [0m:      [INIT]
12:38:37 - [INIT]
[92mINFO [0m:      Using initial global parameters provided by strategy
12:38:37 - Using initial global parameters provided by strategy
[92mINFO [0m:      Starting evaluation of initial global parameters
12:38:37 - Starting evaluation of initial global parameters
[92mINFO [0m:      initial parameters (loss, other metrics): 0.6630490761177212, {'accuracy': 0.6813725490196079, 'f1': 0.8104956268221575, 'testing_loss': 0.6630490761177212}
12:38:41 - initial parameters (loss, other metrics): 0.6630490761177212, {'accuracy': 0.6813725490196079, 'f1': 0.8104956268221575, 'testing_loss': 0.6630490761177212}
[92mINFO [0m:      
12:38:41 - 
[92mINFO [0m:      [ROUND 1]
12:38:41 - [ROUND 1]
[92mINFO [0m:      configure_fit: strategy sampled 2 clients (out of 2)
12:38:44 - configure_fit: strategy sampled 2 clients (out of 2)
12:38:49 - [Monitor Variance] Aggregated local states successfully from Client IDs [1, 0]!
12:38:49 - [Monitor Variance] Successfully sent back to Client 1 at localhost:9201 the variance approximation 0.0074!
12:38:50 - [Monitor Variance] Successfully sent back to Client 0 at localhost:9199 the variance approximation 0.0074!
[92mINFO [0m:      aggregate_fit: received 2 results and 0 failures
12:38:50 - aggregate_fit: received 2 results and 0 failures
12:38:50 - [FdaAdam] Actual Variance: 0.0071592675521969795!
[93mWARNING [0m:   No fit_metrics_aggregation_fn provided
12:38:50 - No fit_metrics_aggregation_fn provided
[92mINFO [0m:      fit progress: (1, 0.6398685749839333, {'accuracy': 0.6813725490196079, 'f1': 0.8104956268221575, 'testing_loss': 0.6398685749839333}, 10.358202847011853)
12:38:51 - fit progress: (1, 0.6398685749839333, {'accuracy': 0.6813725490196079, 'f1': 0.8104956268221575, 'testing_loss': 0.6398685749839333}, 10.358202847011853)
[92mINFO [0m:      configure_evaluate: no clients selected, skipping evaluation
12:38:51 - configure_evaluate: no clients selected, skipping evaluation
[92mINFO [0m:      
12:38:51 - 
[92mINFO [0m:      [ROUND 2]
12:38:51 - [ROUND 2]
[92mINFO [0m:      configure_fit: strategy sampled 2 clients (out of 2)
12:38:51 - configure_fit: strategy sampled 2 clients (out of 2)
12:38:56 - [Monitor Variance] Aggregated local states successfully from Client IDs [1, 0]!
12:38:56 - [Monitor Variance] Successfully sent back to Client 1 at localhost:9201 the variance approximation 0.0141!
12:38:56 - [Monitor Variance] Successfully sent back to Client 0 at localhost:9199 the variance approximation 0.0141!
[92mINFO [0m:      aggregate_fit: received 2 results and 0 failures
12:38:56 - aggregate_fit: received 2 results and 0 failures
12:38:56 - [FdaAdam] Actual Variance: 0.011970838531851768!
[92mINFO [0m:      fit progress: (2, 1.9649575668222763, {'accuracy': 0.3161764705882353, 'f1': 0.0, 'testing_loss': 1.9649575668222763}, 16.69288945500739)
12:38:57 - fit progress: (2, 1.9649575668222763, {'accuracy': 0.3161764705882353, 'f1': 0.0, 'testing_loss': 1.9649575668222763}, 16.69288945500739)
[92mINFO [0m:      configure_evaluate: no clients selected, skipping evaluation
12:38:57 - configure_evaluate: no clients selected, skipping evaluation
[92mINFO [0m:      
12:38:57 - 
[92mINFO [0m:      [ROUND 3]
12:38:57 - [ROUND 3]
[92mINFO [0m:      configure_fit: strategy sampled 2 clients (out of 2)
12:38:57 - configure_fit: strategy sampled 2 clients (out of 2)
12:39:02 - [Monitor Variance] Aggregated local states successfully from Client IDs [1, 0]!
12:39:02 - [Monitor Variance] Successfully sent back to Client 1 at localhost:9201 the variance approximation 0.0051!
12:39:02 - [Monitor Variance] Successfully sent back to Client 0 at localhost:9199 the variance approximation 0.0051!
[92mINFO [0m:      aggregate_fit: received 2 results and 0 failures
12:39:02 - aggregate_fit: received 2 results and 0 failures
12:39:02 - [FdaAdam] Actual Variance: 0.00547273363918066!
[92mINFO [0m:      fit progress: (3, 4.54176538364559, {'accuracy': 0.6838235294117647, 'f1': 0.8122270742358079, 'testing_loss': 4.54176538364559}, 22.928003742999863)
12:39:04 - fit progress: (3, 4.54176538364559, {'accuracy': 0.6838235294117647, 'f1': 0.8122270742358079, 'testing_loss': 4.54176538364559}, 22.928003742999863)
[92mINFO [0m:      configure_evaluate: no clients selected, skipping evaluation
12:39:04 - configure_evaluate: no clients selected, skipping evaluation
[92mINFO [0m:      
12:39:04 - 
[92mINFO [0m:      [ROUND 4]
12:39:04 - [ROUND 4]
[92mINFO [0m:      configure_fit: strategy sampled 2 clients (out of 2)
12:39:04 - configure_fit: strategy sampled 2 clients (out of 2)
12:39:08 - [Monitor Variance] Aggregated local states successfully from Client IDs [1, 0]!
12:39:08 - [Monitor Variance] Successfully sent back to Client 1 at localhost:9201 the variance approximation 0.0931!
12:39:08 - [Monitor Variance] Successfully sent back to Client 0 at localhost:9199 the variance approximation 0.0931!
[92mINFO [0m:      aggregate_fit: received 2 results and 0 failures
12:39:08 - aggregate_fit: received 2 results and 0 failures
12:39:08 - [FdaAdam] Actual Variance: 0.07671284675598145!
[92mINFO [0m:      fit progress: (4, 0.7046213991501752, {'accuracy': 0.3161764705882353, 'f1': 0.0, 'testing_loss': 0.7046213991501752}, 28.741166307998355)
12:39:09 - fit progress: (4, 0.7046213991501752, {'accuracy': 0.3161764705882353, 'f1': 0.0, 'testing_loss': 0.7046213991501752}, 28.741166307998355)
[92mINFO [0m:      configure_evaluate: no clients selected, skipping evaluation
12:39:09 - configure_evaluate: no clients selected, skipping evaluation
[92mINFO [0m:      
12:39:09 - 
[92mINFO [0m:      [ROUND 5]
12:39:09 - [ROUND 5]
[92mINFO [0m:      configure_fit: strategy sampled 2 clients (out of 2)
12:39:09 - configure_fit: strategy sampled 2 clients (out of 2)
12:39:15 - [Monitor Variance] Aggregated local states successfully from Client IDs [1, 0]!
12:39:15 - [Monitor Variance] Successfully sent back to Client 1 at localhost:9201 the variance approximation 0.0060!
12:39:15 - [Monitor Variance] Successfully sent back to Client 0 at localhost:9199 the variance approximation 0.0060!
[92mINFO [0m:      aggregate_fit: received 2 results and 0 failures
12:39:15 - aggregate_fit: received 2 results and 0 failures
12:39:15 - [FdaAdam] Actual Variance: 0.006057652644813061!
[92mINFO [0m:      fit progress: (5, 3.1933618620330213, {'accuracy': 0.3161764705882353, 'f1': 0.0, 'testing_loss': 3.1933618620330213}, 35.85535113202059)
12:39:17 - fit progress: (5, 3.1933618620330213, {'accuracy': 0.3161764705882353, 'f1': 0.0, 'testing_loss': 3.1933618620330213}, 35.85535113202059)
[92mINFO [0m:      configure_evaluate: no clients selected, skipping evaluation
12:39:17 - configure_evaluate: no clients selected, skipping evaluation
[92mINFO [0m:      
12:39:17 - 
[92mINFO [0m:      [ROUND 6]
12:39:17 - [ROUND 6]
[92mINFO [0m:      configure_fit: strategy sampled 2 clients (out of 2)
12:39:17 - configure_fit: strategy sampled 2 clients (out of 2)
12:39:21 - [Monitor Variance] Aggregated local states successfully from Client IDs [1, 0]!
12:39:21 - [Monitor Variance] Successfully sent back to Client 1 at localhost:9201 the variance approximation 0.0192!
12:39:21 - [Monitor Variance] Successfully sent back to Client 0 at localhost:9199 the variance approximation 0.0192!
[92mINFO [0m:      aggregate_fit: received 2 results and 0 failures
12:39:22 - aggregate_fit: received 2 results and 0 failures
12:39:22 - [FdaAdam] Actual Variance: 0.005645697936415672!
[92mINFO [0m:      fit progress: (6, 0.938876683805503, {'accuracy': 0.3161764705882353, 'f1': 0.0, 'testing_loss': 0.938876683805503}, 42.13883008400444)
12:39:23 - fit progress: (6, 0.938876683805503, {'accuracy': 0.3161764705882353, 'f1': 0.0, 'testing_loss': 0.938876683805503}, 42.13883008400444)
[92mINFO [0m:      configure_evaluate: no clients selected, skipping evaluation
12:39:23 - configure_evaluate: no clients selected, skipping evaluation
[92mINFO [0m:      
12:39:23 - 
[92mINFO [0m:      [ROUND 7]
12:39:23 - [ROUND 7]
[92mINFO [0m:      configure_fit: strategy sampled 2 clients (out of 2)
12:39:23 - configure_fit: strategy sampled 2 clients (out of 2)
