13:08:15 - PyTorch version 2.5.1 available.
[93mWARNING [0m:   DEPRECATED FEATURE: flwr.server.start_server() is deprecated.
	Instead, use the `flower-superlink` CLI command to start a SuperLink as shown below:

		$ flower-superlink --insecure

	To view usage and all available options, run:

		$ flower-superlink --help

	Using `start_server()` is deprecated.

            This is a deprecated feature. It will be removed
            entirely in future versions of Flower.
        
13:08:24 - DEPRECATED FEATURE: flwr.server.start_server() is deprecated.
	Instead, use the `flower-superlink` CLI command to start a SuperLink as shown below:

		$ flower-superlink --insecure

	To view usage and all available options, run:

		$ flower-superlink --help

	Using `start_server()` is deprecated.

            This is a deprecated feature. It will be removed
            entirely in future versions of Flower.
        
[92mINFO [0m:      Starting Flower server, config: num_rounds=100, no round_timeout
13:08:24 - Starting Flower server, config: num_rounds=100, no round_timeout
[92mINFO [0m:      Flower ECE: gRPC server running (100 rounds), SSL is disabled
13:08:24 - Flower ECE: gRPC server running (100 rounds), SSL is disabled
[92mINFO [0m:      [INIT]
13:08:24 - [INIT]
[92mINFO [0m:      Using initial global parameters provided by strategy
13:08:24 - Using initial global parameters provided by strategy
[92mINFO [0m:      Starting evaluation of initial global parameters
13:08:24 - Starting evaluation of initial global parameters
[92mINFO [0m:      initial parameters (loss, other metrics): 0.7723101587856517, {'accuracy': 0.3161764705882353, 'f1': 0.0, 'testing_loss': 0.7723101587856517}
13:08:26 - initial parameters (loss, other metrics): 0.7723101587856517, {'accuracy': 0.3161764705882353, 'f1': 0.0, 'testing_loss': 0.7723101587856517}
[92mINFO [0m:      
13:08:26 - 
[92mINFO [0m:      [ROUND 1]
13:08:26 - [ROUND 1]
[92mINFO [0m:      configure_fit: strategy sampled 2 clients (out of 2)
13:08:31 - configure_fit: strategy sampled 2 clients (out of 2)
13:08:37 - [Monitor Variance] Aggregated local states successfully from Client IDs [1, 0]!
13:08:37 - [Monitor Variance] Successfully sent back to Client 1 at localhost:9201 the variance approximation 0.0073!
13:08:38 - [Monitor Variance] Successfully sent back to Client 0 at localhost:9199 the variance approximation 0.0073!
[92mINFO [0m:      aggregate_fit: received 2 results and 0 failures
13:08:38 - aggregate_fit: received 2 results and 0 failures
13:08:38 - [FdaAdam] Actual Variance: 0.007003883831202984!
[93mWARNING [0m:   No fit_metrics_aggregation_fn provided
13:08:38 - No fit_metrics_aggregation_fn provided
[92mINFO [0m:      fit progress: (1, 1.1818411233378392, {'accuracy': 0.3161764705882353, 'f1': 0.0, 'testing_loss': 1.1818411233378392}, 13.408053506864235)
13:08:39 - fit progress: (1, 1.1818411233378392, {'accuracy': 0.3161764705882353, 'f1': 0.0, 'testing_loss': 1.1818411233378392}, 13.408053506864235)
[92mINFO [0m:      configure_evaluate: no clients selected, skipping evaluation
13:08:39 - configure_evaluate: no clients selected, skipping evaluation
[92mINFO [0m:      
13:08:39 - 
[92mINFO [0m:      [ROUND 2]
13:08:39 - [ROUND 2]
[92mINFO [0m:      configure_fit: strategy sampled 2 clients (out of 2)
13:08:39 - configure_fit: strategy sampled 2 clients (out of 2)
13:08:45 - [Monitor Variance] Aggregated local states successfully from Client IDs [1, 0]!
13:08:45 - [Monitor Variance] Successfully sent back to Client 1 at localhost:9201 the variance approximation 0.0057!
13:08:45 - [Monitor Variance] Successfully sent back to Client 0 at localhost:9199 the variance approximation 0.0057!
[92mINFO [0m:      aggregate_fit: received 2 results and 0 failures
13:08:45 - aggregate_fit: received 2 results and 0 failures
13:08:45 - [FdaAdam] Actual Variance: 0.005775212775915861!
[92mINFO [0m:      fit progress: (2, 6.07272837676254, {'accuracy': 0.3161764705882353, 'f1': 0.0, 'testing_loss': 6.07272837676254}, 20.794440327910706)
13:08:47 - fit progress: (2, 6.07272837676254, {'accuracy': 0.3161764705882353, 'f1': 0.0, 'testing_loss': 6.07272837676254}, 20.794440327910706)
[92mINFO [0m:      configure_evaluate: no clients selected, skipping evaluation
13:08:47 - configure_evaluate: no clients selected, skipping evaluation
[92mINFO [0m:      
13:08:47 - 
[92mINFO [0m:      [ROUND 3]
13:08:47 - [ROUND 3]
[92mINFO [0m:      configure_fit: strategy sampled 2 clients (out of 2)
13:08:47 - configure_fit: strategy sampled 2 clients (out of 2)
13:08:52 - [Monitor Variance] Aggregated local states successfully from Client IDs [1, 0]!
13:08:52 - [Monitor Variance] Successfully sent back to Client 1 at localhost:9201 the variance approximation 0.0181!
13:08:52 - [Monitor Variance] Successfully sent back to Client 0 at localhost:9199 the variance approximation 0.0181!
[92mINFO [0m:      aggregate_fit: received 2 results and 0 failures
13:08:52 - aggregate_fit: received 2 results and 0 failures
13:08:52 - [FdaAdam] Actual Variance: 0.01060996949672699!
[92mINFO [0m:      fit progress: (3, 4.132092917666595, {'accuracy': 0.6838235294117647, 'f1': 0.8122270742358079, 'testing_loss': 4.132092917666595}, 28.027140266960487)
13:08:54 - fit progress: (3, 4.132092917666595, {'accuracy': 0.6838235294117647, 'f1': 0.8122270742358079, 'testing_loss': 4.132092917666595}, 28.027140266960487)
[92mINFO [0m:      configure_evaluate: no clients selected, skipping evaluation
13:08:54 - configure_evaluate: no clients selected, skipping evaluation
[92mINFO [0m:      
13:08:54 - 
[92mINFO [0m:      [ROUND 4]
13:08:54 - [ROUND 4]
[92mINFO [0m:      configure_fit: strategy sampled 2 clients (out of 2)
13:08:54 - configure_fit: strategy sampled 2 clients (out of 2)
13:08:59 - [Monitor Variance] Aggregated local states successfully from Client IDs [1, 0]!
13:08:59 - [Monitor Variance] Successfully sent back to Client 1 at localhost:9201 the variance approximation 0.0663!
13:08:59 - [Monitor Variance] Successfully sent back to Client 0 at localhost:9199 the variance approximation 0.0663!
[92mINFO [0m:      aggregate_fit: received 2 results and 0 failures
13:09:00 - aggregate_fit: received 2 results and 0 failures
13:09:00 - [FdaAdam] Actual Variance: 0.07966578006744385!
[92mINFO [0m:      fit progress: (4, 1.9442643738150889, {'accuracy': 0.6838235294117647, 'f1': 0.8122270742358079, 'testing_loss': 1.9442643738150889}, 35.227256181882694)
13:09:01 - fit progress: (4, 1.9442643738150889, {'accuracy': 0.6838235294117647, 'f1': 0.8122270742358079, 'testing_loss': 1.9442643738150889}, 35.227256181882694)
[92mINFO [0m:      configure_evaluate: no clients selected, skipping evaluation
13:09:01 - configure_evaluate: no clients selected, skipping evaluation
[92mINFO [0m:      
13:09:01 - 
[92mINFO [0m:      [ROUND 5]
13:09:01 - [ROUND 5]
[92mINFO [0m:      configure_fit: strategy sampled 2 clients (out of 2)
13:09:01 - configure_fit: strategy sampled 2 clients (out of 2)
13:09:07 - [Monitor Variance] Aggregated local states successfully from Client IDs [1, 0]!
13:09:07 - [Monitor Variance] Successfully sent back to Client 1 at localhost:9201 the variance approximation 0.0094!
13:09:07 - [Monitor Variance] Successfully sent back to Client 0 at localhost:9199 the variance approximation 0.0094!
[92mINFO [0m:      aggregate_fit: received 2 results and 0 failures
13:09:07 - aggregate_fit: received 2 results and 0 failures
13:09:07 - [FdaAdam] Actual Variance: 0.008061717264354229!
[92mINFO [0m:      fit progress: (5, 1.8018291557536406, {'accuracy': 0.3161764705882353, 'f1': 0.0, 'testing_loss': 1.8018291557536406}, 42.896854251855984)
13:09:09 - fit progress: (5, 1.8018291557536406, {'accuracy': 0.3161764705882353, 'f1': 0.0, 'testing_loss': 1.8018291557536406}, 42.896854251855984)
[92mINFO [0m:      configure_evaluate: no clients selected, skipping evaluation
13:09:09 - configure_evaluate: no clients selected, skipping evaluation
[92mINFO [0m:      
13:09:09 - 
[92mINFO [0m:      [ROUND 6]
13:09:09 - [ROUND 6]
[92mINFO [0m:      configure_fit: strategy sampled 2 clients (out of 2)
13:09:09 - configure_fit: strategy sampled 2 clients (out of 2)
13:09:15 - [Monitor Variance] Aggregated local states successfully from Client IDs [1, 0]!
13:09:15 - [Monitor Variance] Successfully sent back to Client 1 at localhost:9201 the variance approximation 0.0054!
13:09:15 - [Monitor Variance] Successfully sent back to Client 0 at localhost:9199 the variance approximation 0.0054!
[92mINFO [0m:      aggregate_fit: received 2 results and 0 failures
13:09:15 - aggregate_fit: received 2 results and 0 failures
13:09:15 - [FdaAdam] Actual Variance: 0.005021231714636087!
[92mINFO [0m:      fit progress: (6, 4.378355820973714, {'accuracy': 0.3161764705882353, 'f1': 0.0, 'testing_loss': 4.378355820973714}, 50.750006139976904)
13:09:17 - fit progress: (6, 4.378355820973714, {'accuracy': 0.3161764705882353, 'f1': 0.0, 'testing_loss': 4.378355820973714}, 50.750006139976904)
[92mINFO [0m:      configure_evaluate: no clients selected, skipping evaluation
13:09:17 - configure_evaluate: no clients selected, skipping evaluation
[92mINFO [0m:      
13:09:17 - 
[92mINFO [0m:      [ROUND 7]
13:09:17 - [ROUND 7]
[92mINFO [0m:      configure_fit: strategy sampled 2 clients (out of 2)
13:09:17 - configure_fit: strategy sampled 2 clients (out of 2)
13:09:22 - [Monitor Variance] Aggregated local states successfully from Client IDs [1, 0]!
13:09:22 - [Monitor Variance] Successfully sent back to Client 1 at localhost:9201 the variance approximation 0.0088!
13:09:22 - [Monitor Variance] Successfully sent back to Client 0 at localhost:9199 the variance approximation 0.0088!
[92mINFO [0m:      aggregate_fit: received 2 results and 0 failures
13:09:22 - aggregate_fit: received 2 results and 0 failures
13:09:22 - [FdaAdam] Actual Variance: 0.004949311260133982!
[92mINFO [0m:      fit progress: (7, 1.9440187846913057, {'accuracy': 0.3161764705882353, 'f1': 0.0, 'testing_loss': 1.9440187846913057}, 57.96381551702507)
13:09:24 - fit progress: (7, 1.9440187846913057, {'accuracy': 0.3161764705882353, 'f1': 0.0, 'testing_loss': 1.9440187846913057}, 57.96381551702507)
[92mINFO [0m:      configure_evaluate: no clients selected, skipping evaluation
13:09:24 - configure_evaluate: no clients selected, skipping evaluation
[92mINFO [0m:      
13:09:24 - 
[92mINFO [0m:      [ROUND 8]
13:09:24 - [ROUND 8]
[92mINFO [0m:      configure_fit: strategy sampled 2 clients (out of 2)
13:09:24 - configure_fit: strategy sampled 2 clients (out of 2)
