[93mWARNING [0m:   DEPRECATED FEATURE: flwr.server.start_server() is deprecated.
	Instead, use the `flower-superlink` CLI command to start a SuperLink as shown below:

		$ flower-superlink --insecure

	To view usage and all available options, run:

		$ flower-superlink --help

	Using `start_server()` is deprecated.

            This is a deprecated feature. It will be removed
            entirely in future versions of Flower.
        
08:52:21 - DEPRECATED FEATURE: flwr.server.start_server() is deprecated.
	Instead, use the `flower-superlink` CLI command to start a SuperLink as shown below:

		$ flower-superlink --insecure

	To view usage and all available options, run:

		$ flower-superlink --help

	Using `start_server()` is deprecated.

            This is a deprecated feature. It will be removed
            entirely in future versions of Flower.
        
[92mINFO [0m:      Starting Flower server, config: num_rounds=100, no round_timeout
08:52:21 - Starting Flower server, config: num_rounds=100, no round_timeout
[92mINFO [0m:      Flower ECE: gRPC server running (100 rounds), SSL is disabled
08:52:21 - Flower ECE: gRPC server running (100 rounds), SSL is disabled
[92mINFO [0m:      [INIT]
08:52:21 - [INIT]
[92mINFO [0m:      Using initial global parameters provided by strategy
08:52:21 - Using initial global parameters provided by strategy
[92mINFO [0m:      Starting evaluation of initial global parameters
08:52:21 - Starting evaluation of initial global parameters
[92mINFO [0m:      initial parameters (loss, other metrics): 0.6511085255473268, {'accuracy': 0.6838235294117647, 'f1': 0.8122270742358079, 'testing_loss': 0.6511085255473268}
08:52:23 - initial parameters (loss, other metrics): 0.6511085255473268, {'accuracy': 0.6838235294117647, 'f1': 0.8122270742358079, 'testing_loss': 0.6511085255473268}
[92mINFO [0m:      
08:52:23 - 
[92mINFO [0m:      [ROUND 1]
08:52:23 - [ROUND 1]
[92mINFO [0m:      configure_fit: strategy sampled 2 clients (out of 2)
08:52:30 - configure_fit: strategy sampled 2 clients (out of 2)
08:52:36 - [Monitor Variance] Aggregated local states successfully from Client IDs [1, 0]!
08:52:36 - [Monitor Variance] Successfully sent back to Client 1 at localhost:9201 the variance approximation 0.0073!
08:52:36 - [Monitor Variance] Successfully sent back to Client 0 at localhost:9199 the variance approximation 0.0073!
