12:15:33 - PyTorch version 2.5.1 available.
[93mWARNING [0m:   DEPRECATED FEATURE: flwr.server.start_server() is deprecated.
	Instead, use the `flower-superlink` CLI command to start a SuperLink as shown below:

		$ flower-superlink --insecure

	To view usage and all available options, run:

		$ flower-superlink --help

	Using `start_server()` is deprecated.

            This is a deprecated feature. It will be removed
            entirely in future versions of Flower.
        
12:15:42 - DEPRECATED FEATURE: flwr.server.start_server() is deprecated.
	Instead, use the `flower-superlink` CLI command to start a SuperLink as shown below:

		$ flower-superlink --insecure

	To view usage and all available options, run:

		$ flower-superlink --help

	Using `start_server()` is deprecated.

            This is a deprecated feature. It will be removed
            entirely in future versions of Flower.
        
[92mINFO [0m:      Starting Flower server, config: num_rounds=100, no round_timeout
12:15:42 - Starting Flower server, config: num_rounds=100, no round_timeout
[92mINFO [0m:      Flower ECE: gRPC server running (100 rounds), SSL is disabled
12:15:42 - Flower ECE: gRPC server running (100 rounds), SSL is disabled
[92mINFO [0m:      [INIT]
12:15:42 - [INIT]
[92mINFO [0m:      Using initial global parameters provided by strategy
12:15:42 - Using initial global parameters provided by strategy
[92mINFO [0m:      Starting evaluation of initial global parameters
12:15:42 - Starting evaluation of initial global parameters
[92mINFO [0m:      initial parameters (loss, other metrics): 0.6528542030091379, {'accuracy': 0.6813725490196079, 'f1': 0.8099415204678363, 'testing_loss': 0.6528542030091379}
12:15:44 - initial parameters (loss, other metrics): 0.6528542030091379, {'accuracy': 0.6813725490196079, 'f1': 0.8099415204678363, 'testing_loss': 0.6528542030091379}
[92mINFO [0m:      
12:15:44 - 
[92mINFO [0m:      [ROUND 1]
12:15:44 - [ROUND 1]
[92mINFO [0m:      configure_fit: strategy sampled 2 clients (out of 2)
12:15:49 - configure_fit: strategy sampled 2 clients (out of 2)
