[93mWARNING [0m:   DEPRECATED FEATURE: flwr.server.start_server() is deprecated.
	Instead, use the `flower-superlink` CLI command to start a SuperLink as shown below:

		$ flower-superlink --insecure

	To view usage and all available options, run:

		$ flower-superlink --help

	Using `start_server()` is deprecated.

            This is a deprecated feature. It will be removed
            entirely in future versions of Flower.
        
[92mINFO [0m:      Starting Flower server, config: num_rounds=100, no round_timeout
[92mINFO [0m:      Flower ECE: gRPC server running (100 rounds), SSL is disabled
[92mINFO [0m:      [INIT]
[92mINFO [0m:      Using initial global parameters provided by strategy
[92mINFO [0m:      Starting evaluation of initial global parameters
[92mINFO [0m:      initial parameters (loss, other metrics): 0.675600996204451, {'accuracy': 0.6348039215686274, 'f1': 0.7660910518053375, 'testing_loss': 0.675600996204451}
[92mINFO [0m:      
[92mINFO [0m:      [ROUND 1]
[92mINFO [0m:      configure_fit: strategy sampled 2 clients (out of 2)
[92mINFO [0m:      aggregate_fit: received 2 results and 0 failures
[93mWARNING [0m:   No fit_metrics_aggregation_fn provided
[92mINFO [0m:      fit progress: (1, 0.6310969217150819, {'accuracy': 0.6838235294117647, 'f1': 0.8122270742358079, 'testing_loss': 0.6310969217150819}, 10.496635889008758)
[92mINFO [0m:      configure_evaluate: no clients selected, skipping evaluation
[92mINFO [0m:      
[92mINFO [0m:      [ROUND 2]
[92mINFO [0m:      configure_fit: strategy sampled 2 clients (out of 2)
[92mINFO [0m:      aggregate_fit: received 2 results and 0 failures
[92mINFO [0m:      fit progress: (2, 2.783063769340515, {'accuracy': 0.3161764705882353, 'f1': 0.0, 'testing_loss': 2.783063769340515}, 15.860503251009504)
[92mINFO [0m:      configure_evaluate: no clients selected, skipping evaluation
[92mINFO [0m:      
[92mINFO [0m:      [ROUND 3]
[92mINFO [0m:      configure_fit: strategy sampled 2 clients (out of 2)
[92mINFO [0m:      aggregate_fit: received 2 results and 0 failures
[92mINFO [0m:      fit progress: (3, 0.9834669442007354, {'accuracy': 0.6838235294117647, 'f1': 0.8122270742358079, 'testing_loss': 0.9834669442007354}, 21.02839460800169)
[92mINFO [0m:      configure_evaluate: no clients selected, skipping evaluation
[92mINFO [0m:      
[92mINFO [0m:      [ROUND 4]
[92mINFO [0m:      configure_fit: strategy sampled 2 clients (out of 2)
