14:34:18 - PyTorch version 2.5.1 available.
[93mWARNING [0m:   DEPRECATED FEATURE: flwr.server.start_server() is deprecated.
	Instead, use the `flower-superlink` CLI command to start a SuperLink as shown below:

		$ flower-superlink --insecure

	To view usage and all available options, run:

		$ flower-superlink --help

	Using `start_server()` is deprecated.

            This is a deprecated feature. It will be removed
            entirely in future versions of Flower.
        
14:34:27 - DEPRECATED FEATURE: flwr.server.start_server() is deprecated.
	Instead, use the `flower-superlink` CLI command to start a SuperLink as shown below:

		$ flower-superlink --insecure

	To view usage and all available options, run:

		$ flower-superlink --help

	Using `start_server()` is deprecated.

            This is a deprecated feature. It will be removed
            entirely in future versions of Flower.
        
[92mINFO [0m:      Starting Flower server, config: num_rounds=100, no round_timeout
14:34:27 - Starting Flower server, config: num_rounds=100, no round_timeout
[92mINFO [0m:      Flower ECE: gRPC server running (100 rounds), SSL is disabled
14:34:27 - Flower ECE: gRPC server running (100 rounds), SSL is disabled
[92mINFO [0m:      [INIT]
14:34:27 - [INIT]
[92mINFO [0m:      Using initial global parameters provided by strategy
14:34:27 - Using initial global parameters provided by strategy
[92mINFO [0m:      Starting evaluation of initial global parameters
14:34:27 - Starting evaluation of initial global parameters
[92mINFO [0m:      initial parameters (loss, other metrics): 0.7269250785603243, {'accuracy': 0.32598039215686275, 'f1': 0.06779661016949153, 'testing_loss': 0.7269250785603243}
14:34:29 - initial parameters (loss, other metrics): 0.7269250785603243, {'accuracy': 0.32598039215686275, 'f1': 0.06779661016949153, 'testing_loss': 0.7269250785603243}
[92mINFO [0m:      
14:34:29 - 
[92mINFO [0m:      [ROUND 1]
14:34:29 - [ROUND 1]
[92mINFO [0m:      configure_fit: strategy sampled 2 clients (out of 2)
14:34:34 - configure_fit: strategy sampled 2 clients (out of 2)
[92mINFO [0m:      aggregate_fit: received 2 results and 0 failures
14:34:42 - aggregate_fit: received 2 results and 0 failures
[93mWARNING [0m:   No fit_metrics_aggregation_fn provided
14:34:43 - No fit_metrics_aggregation_fn provided
[92mINFO [0m:      fit progress: (1, 3.1782459464727664, {'accuracy': 0.3161764705882353, 'f1': 0.0, 'testing_loss': 3.1782459464727664}, 15.940394167089835)
14:34:45 - fit progress: (1, 3.1782459464727664, {'accuracy': 0.3161764705882353, 'f1': 0.0, 'testing_loss': 3.1782459464727664}, 15.940394167089835)
[92mINFO [0m:      configure_evaluate: no clients selected, skipping evaluation
14:34:45 - configure_evaluate: no clients selected, skipping evaluation
[92mINFO [0m:      
14:34:45 - 
[92mINFO [0m:      [ROUND 2]
14:34:45 - [ROUND 2]
[92mINFO [0m:      configure_fit: strategy sampled 2 clients (out of 2)
14:34:45 - configure_fit: strategy sampled 2 clients (out of 2)
[92mINFO [0m:      aggregate_fit: received 2 results and 0 failures
14:34:49 - aggregate_fit: received 2 results and 0 failures
[92mINFO [0m:      fit progress: (2, 1.7356533976819586, {'accuracy': 0.6838235294117647, 'f1': 0.8122270742358079, 'testing_loss': 1.7356533976819586}, 21.68285234295763)
14:34:50 - fit progress: (2, 1.7356533976819586, {'accuracy': 0.6838235294117647, 'f1': 0.8122270742358079, 'testing_loss': 1.7356533976819586}, 21.68285234295763)
[92mINFO [0m:      configure_evaluate: no clients selected, skipping evaluation
14:34:50 - configure_evaluate: no clients selected, skipping evaluation
[92mINFO [0m:      
14:34:50 - 
[92mINFO [0m:      [ROUND 3]
14:34:50 - [ROUND 3]
[92mINFO [0m:      configure_fit: strategy sampled 2 clients (out of 2)
14:34:50 - configure_fit: strategy sampled 2 clients (out of 2)
[92mINFO [0m:      aggregate_fit: received 2 results and 0 failures
14:34:55 - aggregate_fit: received 2 results and 0 failures
[92mINFO [0m:      fit progress: (3, 13.18552515553493, {'accuracy': 0.3161764705882353, 'f1': 0.0, 'testing_loss': 13.18552515553493}, 27.392756920075044)
14:34:56 - fit progress: (3, 13.18552515553493, {'accuracy': 0.3161764705882353, 'f1': 0.0, 'testing_loss': 13.18552515553493}, 27.392756920075044)
[92mINFO [0m:      configure_evaluate: no clients selected, skipping evaluation
14:34:56 - configure_evaluate: no clients selected, skipping evaluation
[92mINFO [0m:      
14:34:56 - 
[92mINFO [0m:      [ROUND 4]
14:34:56 - [ROUND 4]
[92mINFO [0m:      configure_fit: strategy sampled 2 clients (out of 2)
14:34:56 - configure_fit: strategy sampled 2 clients (out of 2)
[92mINFO [0m:      aggregate_fit: received 2 results and 0 failures
14:35:05 - aggregate_fit: received 2 results and 0 failures
[92mINFO [0m:      fit progress: (4, 2.0279466253477056, {'accuracy': 0.6838235294117647, 'f1': 0.8122270742358079, 'testing_loss': 2.0279466253477056}, 39.37229106412269)
14:35:08 - fit progress: (4, 2.0279466253477056, {'accuracy': 0.6838235294117647, 'f1': 0.8122270742358079, 'testing_loss': 2.0279466253477056}, 39.37229106412269)
[92mINFO [0m:      configure_evaluate: no clients selected, skipping evaluation
14:35:08 - configure_evaluate: no clients selected, skipping evaluation
[92mINFO [0m:      
14:35:08 - 
[92mINFO [0m:      [ROUND 5]
14:35:08 - [ROUND 5]
[92mINFO [0m:      configure_fit: strategy sampled 2 clients (out of 2)
14:35:08 - configure_fit: strategy sampled 2 clients (out of 2)
