13:24:27 - PyTorch version 2.5.1 available.
[93mWARNING [0m:   DEPRECATED FEATURE: flwr.server.start_server() is deprecated.
	Instead, use the `flower-superlink` CLI command to start a SuperLink as shown below:

		$ flower-superlink --insecure

	To view usage and all available options, run:

		$ flower-superlink --help

	Using `start_server()` is deprecated.

            This is a deprecated feature. It will be removed
            entirely in future versions of Flower.
        
13:24:35 - DEPRECATED FEATURE: flwr.server.start_server() is deprecated.
	Instead, use the `flower-superlink` CLI command to start a SuperLink as shown below:

		$ flower-superlink --insecure

	To view usage and all available options, run:

		$ flower-superlink --help

	Using `start_server()` is deprecated.

            This is a deprecated feature. It will be removed
            entirely in future versions of Flower.
        
[92mINFO [0m:      Starting Flower server, config: num_rounds=100, no round_timeout
13:24:35 - Starting Flower server, config: num_rounds=100, no round_timeout
[92mINFO [0m:      Flower ECE: gRPC server running (100 rounds), SSL is disabled
13:24:35 - Flower ECE: gRPC server running (100 rounds), SSL is disabled
[92mINFO [0m:      [INIT]
13:24:35 - [INIT]
[92mINFO [0m:      Using initial global parameters provided by strategy
13:24:35 - Using initial global parameters provided by strategy
[92mINFO [0m:      Starting evaluation of initial global parameters
13:24:35 - Starting evaluation of initial global parameters
[92mINFO [0m:      initial parameters (loss, other metrics): 0.6401086332751256, {'accuracy': 0.6838235294117647, 'f1': 0.8122270742358079, 'testing_loss': 0.6401086332751256}
13:24:36 - initial parameters (loss, other metrics): 0.6401086332751256, {'accuracy': 0.6838235294117647, 'f1': 0.8122270742358079, 'testing_loss': 0.6401086332751256}
[92mINFO [0m:      
13:24:36 - 
[92mINFO [0m:      [ROUND 1]
13:24:36 - [ROUND 1]
[92mINFO [0m:      configure_fit: strategy sampled 2 clients (out of 2)
13:24:43 - configure_fit: strategy sampled 2 clients (out of 2)
13:24:49 - [Monitor Variance] Aggregated local states successfully from Client IDs [1, 0]!
13:24:49 - [Monitor Variance] Successfully sent back to Client 1 at localhost:9201 the variance approximation 0.0077!
13:24:49 - [Monitor Variance] Successfully sent back to Client 0 at localhost:9199 the variance approximation 0.0077!
[92mINFO [0m:      aggregate_fit: received 2 results and 0 failures
13:24:49 - aggregate_fit: received 2 results and 0 failures
13:24:49 - [FdaAdam] Actual Variance: 0.008204752579331398!
[93mWARNING [0m:   No fit_metrics_aggregation_fn provided
13:24:49 - No fit_metrics_aggregation_fn provided
[92mINFO [0m:      fit progress: (1, 1.5995980052222663, {'accuracy': 0.6838235294117647, 'f1': 0.8122270742358079, 'testing_loss': 1.5995980052222663}, 14.277578414883465)
13:24:51 - fit progress: (1, 1.5995980052222663, {'accuracy': 0.6838235294117647, 'f1': 0.8122270742358079, 'testing_loss': 1.5995980052222663}, 14.277578414883465)
[92mINFO [0m:      configure_evaluate: no clients selected, skipping evaluation
13:24:51 - configure_evaluate: no clients selected, skipping evaluation
[92mINFO [0m:      
13:24:51 - 
[92mINFO [0m:      [ROUND 2]
13:24:51 - [ROUND 2]
[92mINFO [0m:      configure_fit: strategy sampled 2 clients (out of 2)
13:24:51 - configure_fit: strategy sampled 2 clients (out of 2)
13:24:58 - [Monitor Variance] Aggregated local states successfully from Client IDs [1, 0]!
13:24:58 - [Monitor Variance] Successfully sent back to Client 1 at localhost:9201 the variance approximation 0.0083!
13:24:58 - [Monitor Variance] Successfully sent back to Client 0 at localhost:9199 the variance approximation 0.0083!
[92mINFO [0m:      aggregate_fit: received 2 results and 0 failures
13:24:58 - aggregate_fit: received 2 results and 0 failures
13:24:58 - [FdaAdam] Actual Variance: 0.005926605314016342!
[92mINFO [0m:      fit progress: (2, 4.996406662697885, {'accuracy': 0.3161764705882353, 'f1': 0.0, 'testing_loss': 4.996406662697885}, 23.195367083884776)
13:25:00 - fit progress: (2, 4.996406662697885, {'accuracy': 0.3161764705882353, 'f1': 0.0, 'testing_loss': 4.996406662697885}, 23.195367083884776)
[92mINFO [0m:      configure_evaluate: no clients selected, skipping evaluation
13:25:00 - configure_evaluate: no clients selected, skipping evaluation
[92mINFO [0m:      
13:25:00 - 
[92mINFO [0m:      [ROUND 3]
13:25:00 - [ROUND 3]
[92mINFO [0m:      configure_fit: strategy sampled 2 clients (out of 2)
13:25:00 - configure_fit: strategy sampled 2 clients (out of 2)
13:25:05 - [Monitor Variance] Aggregated local states successfully from Client IDs [1, 0]!
13:25:05 - [Monitor Variance] Successfully sent back to Client 1 at localhost:9201 the variance approximation 0.0064!
13:25:05 - [Monitor Variance] Successfully sent back to Client 0 at localhost:9199 the variance approximation 0.0064!
[92mINFO [0m:      aggregate_fit: received 2 results and 0 failures
13:25:05 - aggregate_fit: received 2 results and 0 failures
13:25:05 - [FdaAdam] Actual Variance: 0.005325320176780224!
[92mINFO [0m:      fit progress: (3, 3.361368829403385, {'accuracy': 0.6838235294117647, 'f1': 0.8122270742358079, 'testing_loss': 3.361368829403385}, 30.14863991900347)
13:25:07 - fit progress: (3, 3.361368829403385, {'accuracy': 0.6838235294117647, 'f1': 0.8122270742358079, 'testing_loss': 3.361368829403385}, 30.14863991900347)
[92mINFO [0m:      configure_evaluate: no clients selected, skipping evaluation
13:25:07 - configure_evaluate: no clients selected, skipping evaluation
[92mINFO [0m:      
13:25:07 - 
[92mINFO [0m:      [ROUND 4]
13:25:07 - [ROUND 4]
[92mINFO [0m:      configure_fit: strategy sampled 2 clients (out of 2)
13:25:07 - configure_fit: strategy sampled 2 clients (out of 2)
13:25:11 - [Monitor Variance] Aggregated local states successfully from Client IDs [1, 0]!
13:25:11 - [Monitor Variance] Successfully sent back to Client 1 at localhost:9201 the variance approximation 0.0392!
13:25:11 - [Monitor Variance] Successfully sent back to Client 0 at localhost:9199 the variance approximation 0.0392!
[92mINFO [0m:      aggregate_fit: received 2 results and 0 failures
13:25:11 - aggregate_fit: received 2 results and 0 failures
13:25:11 - [FdaAdam] Actual Variance: 0.04772432520985603!
[92mINFO [0m:      fit progress: (4, 1.9952842566737101, {'accuracy': 0.6838235294117647, 'f1': 0.8122270742358079, 'testing_loss': 1.9952842566737101}, 35.96026730304584)
13:25:12 - fit progress: (4, 1.9952842566737101, {'accuracy': 0.6838235294117647, 'f1': 0.8122270742358079, 'testing_loss': 1.9952842566737101}, 35.96026730304584)
[92mINFO [0m:      configure_evaluate: no clients selected, skipping evaluation
13:25:12 - configure_evaluate: no clients selected, skipping evaluation
[92mINFO [0m:      
13:25:12 - 
[92mINFO [0m:      [ROUND 5]
13:25:12 - [ROUND 5]
[92mINFO [0m:      configure_fit: strategy sampled 2 clients (out of 2)
13:25:12 - configure_fit: strategy sampled 2 clients (out of 2)
13:25:18 - [Monitor Variance] Aggregated local states successfully from Client IDs [1, 0]!
13:25:18 - [Monitor Variance] Successfully sent back to Client 1 at localhost:9201 the variance approximation 0.1089!
13:25:18 - [Monitor Variance] Successfully sent back to Client 0 at localhost:9199 the variance approximation 0.1089!
[92mINFO [0m:      aggregate_fit: received 2 results and 0 failures
13:25:19 - aggregate_fit: received 2 results and 0 failures
13:25:19 - [FdaAdam] Actual Variance: 0.13215011358261108!
[92mINFO [0m:      fit progress: (5, 1.4982394108585282, {'accuracy': 0.3161764705882353, 'f1': 0.0, 'testing_loss': 1.4982394108585282}, 43.799103911966085)
13:25:20 - fit progress: (5, 1.4982394108585282, {'accuracy': 0.3161764705882353, 'f1': 0.0, 'testing_loss': 1.4982394108585282}, 43.799103911966085)
[92mINFO [0m:      configure_evaluate: no clients selected, skipping evaluation
13:25:20 - configure_evaluate: no clients selected, skipping evaluation
[92mINFO [0m:      
13:25:20 - 
[92mINFO [0m:      [ROUND 6]
13:25:20 - [ROUND 6]
[92mINFO [0m:      configure_fit: strategy sampled 2 clients (out of 2)
13:25:20 - configure_fit: strategy sampled 2 clients (out of 2)
13:25:25 - [Monitor Variance] Aggregated local states successfully from Client IDs [1, 0]!
13:25:25 - [Monitor Variance] Successfully sent back to Client 1 at localhost:9201 the variance approximation 0.0323!
13:25:25 - [Monitor Variance] Successfully sent back to Client 0 at localhost:9199 the variance approximation 0.0323!
[92mINFO [0m:      aggregate_fit: received 2 results and 0 failures
13:25:26 - aggregate_fit: received 2 results and 0 failures
13:25:26 - [FdaAdam] Actual Variance: 0.03455456346273422!
