12:20:29 - PyTorch version 2.5.1 available.
[93mWARNING [0m:   DEPRECATED FEATURE: flwr.server.start_server() is deprecated.
	Instead, use the `flower-superlink` CLI command to start a SuperLink as shown below:

		$ flower-superlink --insecure

	To view usage and all available options, run:

		$ flower-superlink --help

	Using `start_server()` is deprecated.

            This is a deprecated feature. It will be removed
            entirely in future versions of Flower.
        
12:20:37 - DEPRECATED FEATURE: flwr.server.start_server() is deprecated.
	Instead, use the `flower-superlink` CLI command to start a SuperLink as shown below:

		$ flower-superlink --insecure

	To view usage and all available options, run:

		$ flower-superlink --help

	Using `start_server()` is deprecated.

            This is a deprecated feature. It will be removed
            entirely in future versions of Flower.
        
[92mINFO [0m:      Starting Flower server, config: num_rounds=100, no round_timeout
12:20:37 - Starting Flower server, config: num_rounds=100, no round_timeout
[92mINFO [0m:      Flower ECE: gRPC server running (100 rounds), SSL is disabled
12:20:37 - Flower ECE: gRPC server running (100 rounds), SSL is disabled
[92mINFO [0m:      [INIT]
12:20:37 - [INIT]
[92mINFO [0m:      Using initial global parameters provided by strategy
12:20:37 - Using initial global parameters provided by strategy
[92mINFO [0m:      Starting evaluation of initial global parameters
12:20:37 - Starting evaluation of initial global parameters
[92mINFO [0m:      initial parameters (loss, other metrics): 0.8791694290497724, {'accuracy': 0.3161764705882353, 'f1': 0.0, 'testing_loss': 0.8791694290497724}
12:20:41 - initial parameters (loss, other metrics): 0.8791694290497724, {'accuracy': 0.3161764705882353, 'f1': 0.0, 'testing_loss': 0.8791694290497724}
[92mINFO [0m:      
12:20:41 - 
[92mINFO [0m:      [ROUND 1]
12:20:41 - [ROUND 1]
[92mINFO [0m:      configure_fit: strategy sampled 2 clients (out of 2)
12:20:44 - configure_fit: strategy sampled 2 clients (out of 2)
12:20:50 - [Monitor Variance] Aggregated local states successfully from Client IDs [1, 0]!
12:20:50 - [Monitor Variance] Successfully sent back to Client 1 at localhost:9201 the variance approximation 0.0082!
12:20:50 - [Monitor Variance] Successfully sent back to Client 0 at localhost:9199 the variance approximation 0.0082!
[92mINFO [0m:      aggregate_fit: received 2 results and 0 failures
12:20:50 - aggregate_fit: received 2 results and 0 failures
12:20:50 - [FdaAdam] Actual variance 0.007407316472381353!
[93mWARNING [0m:   No fit_metrics_aggregation_fn provided
12:20:50 - No fit_metrics_aggregation_fn provided
