[93mWARNING [0m:   DEPRECATED FEATURE: flwr.server.start_server() is deprecated.
	Instead, use the `flower-superlink` CLI command to start a SuperLink as shown below:

		$ flower-superlink --insecure

	To view usage and all available options, run:

		$ flower-superlink --help

	Using `start_server()` is deprecated.

            This is a deprecated feature. It will be removed
            entirely in future versions of Flower.
        
10:04:23 - DEPRECATED FEATURE: flwr.server.start_server() is deprecated.
	Instead, use the `flower-superlink` CLI command to start a SuperLink as shown below:

		$ flower-superlink --insecure

	To view usage and all available options, run:

		$ flower-superlink --help

	Using `start_server()` is deprecated.

            This is a deprecated feature. It will be removed
            entirely in future versions of Flower.
        
[92mINFO [0m:      Starting Flower server, config: num_rounds=100, no round_timeout
10:04:23 - Starting Flower server, config: num_rounds=100, no round_timeout
[92mINFO [0m:      Flower ECE: gRPC server running (100 rounds), SSL is disabled
10:04:23 - Flower ECE: gRPC server running (100 rounds), SSL is disabled
[92mINFO [0m:      [INIT]
10:04:23 - [INIT]
[92mINFO [0m:      Using initial global parameters provided by strategy
10:04:23 - Using initial global parameters provided by strategy
[92mINFO [0m:      Starting evaluation of initial global parameters
10:04:23 - Starting evaluation of initial global parameters
[92mINFO [0m:      initial parameters (loss, other metrics): 0.6794914568171782, {'accuracy': 0.6593137254901961, 'f1': 0.7811023622047244, 'testing_loss': 0.6794914568171782}
10:04:24 - initial parameters (loss, other metrics): 0.6794914568171782, {'accuracy': 0.6593137254901961, 'f1': 0.7811023622047244, 'testing_loss': 0.6794914568171782}
[92mINFO [0m:      
10:04:24 - 
[92mINFO [0m:      [ROUND 1]
10:04:24 - [ROUND 1]
[92mINFO [0m:      configure_fit: strategy sampled 2 clients (out of 2)
10:04:30 - configure_fit: strategy sampled 2 clients (out of 2)
10:04:36 - [Monitor Variance] Aggregated local states successfully from Client IDs [1, 0]!
10:04:36 - [Monitor Variance] Successfully sent back to Client 1 at localhost:9201 the variance approximation 0.0068!
10:04:36 - [Monitor Variance] Successfully sent back to Client 0 at localhost:9199 the variance approximation 0.0068!
[92mINFO [0m:      aggregate_fit: received 2 results and 0 failures
10:04:36 - aggregate_fit: received 2 results and 0 failures
[93mWARNING [0m:   No fit_metrics_aggregation_fn provided
10:04:36 - No fit_metrics_aggregation_fn provided
[92mINFO [0m:      fit progress: (1, 2.4259165595559513, {'accuracy': 0.3161764705882353, 'f1': 0.0, 'testing_loss': 2.4259165595559513}, 12.891028194979299)
10:04:37 - fit progress: (1, 2.4259165595559513, {'accuracy': 0.3161764705882353, 'f1': 0.0, 'testing_loss': 2.4259165595559513}, 12.891028194979299)
[92mINFO [0m:      configure_evaluate: no clients selected, skipping evaluation
10:04:37 - configure_evaluate: no clients selected, skipping evaluation
[92mINFO [0m:      
10:04:37 - 
[92mINFO [0m:      [ROUND 2]
10:04:37 - [ROUND 2]
[92mINFO [0m:      configure_fit: strategy sampled 2 clients (out of 2)
10:04:37 - configure_fit: strategy sampled 2 clients (out of 2)
10:04:42 - [Monitor Variance] Aggregated local states successfully from Client IDs [1, 0]!
10:04:42 - [Monitor Variance] Successfully sent back to Client 1 at localhost:9201 the variance approximation 0.0092!
10:04:42 - [Monitor Variance] Successfully sent back to Client 0 at localhost:9199 the variance approximation 0.0092!
[92mINFO [0m:      aggregate_fit: received 2 results and 0 failures
10:04:42 - aggregate_fit: received 2 results and 0 failures
[92mINFO [0m:      fit progress: (2, 1.6629643251608108, {'accuracy': 0.6838235294117647, 'f1': 0.8122270742358079, 'testing_loss': 1.6629643251608108}, 19.277821647992823)
10:04:44 - fit progress: (2, 1.6629643251608108, {'accuracy': 0.6838235294117647, 'f1': 0.8122270742358079, 'testing_loss': 1.6629643251608108}, 19.277821647992823)
[92mINFO [0m:      configure_evaluate: no clients selected, skipping evaluation
10:04:44 - configure_evaluate: no clients selected, skipping evaluation
[92mINFO [0m:      
10:04:44 - 
[92mINFO [0m:      [ROUND 3]
10:04:44 - [ROUND 3]
[92mINFO [0m:      configure_fit: strategy sampled 2 clients (out of 2)
10:04:44 - configure_fit: strategy sampled 2 clients (out of 2)
10:04:48 - [Monitor Variance] Aggregated local states successfully from Client IDs [1, 0]!
10:04:48 - [Monitor Variance] Successfully sent back to Client 1 at localhost:9201 the variance approximation 0.0197!
10:04:48 - [Monitor Variance] Successfully sent back to Client 0 at localhost:9199 the variance approximation 0.0197!
[92mINFO [0m:      aggregate_fit: received 2 results and 0 failures
10:04:49 - aggregate_fit: received 2 results and 0 failures
[92mINFO [0m:      fit progress: (3, 3.540298111298505, {'accuracy': 0.3161764705882353, 'f1': 0.0, 'testing_loss': 3.540298111298505}, 25.45008843098185)
10:04:50 - fit progress: (3, 3.540298111298505, {'accuracy': 0.3161764705882353, 'f1': 0.0, 'testing_loss': 3.540298111298505}, 25.45008843098185)
[92mINFO [0m:      configure_evaluate: no clients selected, skipping evaluation
10:04:50 - configure_evaluate: no clients selected, skipping evaluation
[92mINFO [0m:      
10:04:50 - 
[92mINFO [0m:      [ROUND 4]
10:04:50 - [ROUND 4]
[92mINFO [0m:      configure_fit: strategy sampled 2 clients (out of 2)
10:04:50 - configure_fit: strategy sampled 2 clients (out of 2)
