14:12:37 - PyTorch version 2.5.1 available.
[93mWARNING [0m:   DEPRECATED FEATURE: flwr.server.start_server() is deprecated.
	Instead, use the `flower-superlink` CLI command to start a SuperLink as shown below:

		$ flower-superlink --insecure

	To view usage and all available options, run:

		$ flower-superlink --help

	Using `start_server()` is deprecated.

            This is a deprecated feature. It will be removed
            entirely in future versions of Flower.
        
14:12:46 - DEPRECATED FEATURE: flwr.server.start_server() is deprecated.
	Instead, use the `flower-superlink` CLI command to start a SuperLink as shown below:

		$ flower-superlink --insecure

	To view usage and all available options, run:

		$ flower-superlink --help

	Using `start_server()` is deprecated.

            This is a deprecated feature. It will be removed
            entirely in future versions of Flower.
        
[92mINFO [0m:      Starting Flower server, config: num_rounds=100, no round_timeout
14:12:46 - Starting Flower server, config: num_rounds=100, no round_timeout
[92mINFO [0m:      Flower ECE: gRPC server running (100 rounds), SSL is disabled
14:12:46 - Flower ECE: gRPC server running (100 rounds), SSL is disabled
[92mINFO [0m:      [INIT]
14:12:46 - [INIT]
[92mINFO [0m:      Using initial global parameters provided by strategy
14:12:46 - Using initial global parameters provided by strategy
[92mINFO [0m:      Starting evaluation of initial global parameters
14:12:46 - Starting evaluation of initial global parameters
[92mINFO [0m:      initial parameters (loss, other metrics): 0.6872465481945113, {'accuracy': 0.5955882352941176, 'f1': 0.7254575707154742, 'testing_loss': 0.6872465481945113}
14:12:49 - initial parameters (loss, other metrics): 0.6872465481945113, {'accuracy': 0.5955882352941176, 'f1': 0.7254575707154742, 'testing_loss': 0.6872465481945113}
[92mINFO [0m:      
14:12:49 - 
[92mINFO [0m:      [ROUND 1]
14:12:49 - [ROUND 1]
