WARNING:__main__:GEORGE
WARNING:__main__:GEORGE
WARNING:__main__:GEORGE
WARNING:__main__:GEORGE
WARNING:__main__:GEORGE
WARNING:__main__:GEORGE
WARNING:__main__:GEORGE
WARNING:__main__:GEORGE
WARNING:__main__:GEORGE
WARNING:__main__:GEORGE
WARNING:__main__:GEORGE
WARNING:__main__:GEORGE
WARNING:__main__:GEORGE
WARNING:__main__:GEORGE
WARNING:__main__:GEORGE
WARNING:__main__:GEORGE
WARNING:__main__:GEORGE
WARNING:__main__:GEORGE
WARNING:__main__:GEORGE
WARNING:__main__:GEORGE
WARNING:__main__:MIKE
WARNING:__main__:MIKE
WARNING:__main__:MIKE
WARNING:__main__:MIKE
WARNING:__main__:MIKE
WARNING:__main__:MIKE
WARNING:__main__:MIKE
WARNING:__main__:MIKE
WARNING:__main__:MIKE
WARNING:__main__:MIKE
WARNING:__main__:MIKE
WARNING:__main__:MIKE
WARNING:__main__:MIKE
WARNING:__main__:MIKE
WARNING:__main__:MIKE
WARNING:__main__:MIKE
WARNING:__main__:MIKE
WARNING:__main__:MIKE
WARNING:__main__:MIKE
WARNING:__main__:MIKE
[93mWARNING [0m:   DEPRECATED FEATURE: flwr.server.start_server() is deprecated.
	Instead, use the `flower-superlink` CLI command to start a SuperLink as shown below:

		$ flower-superlink --insecure

	To view usage and all available options, run:

		$ flower-superlink --help

	Using `start_server()` is deprecated.

            This is a deprecated feature. It will be removed
            entirely in future versions of Flower.
        
WARNING:flwr:DEPRECATED FEATURE: flwr.server.start_server() is deprecated.
	Instead, use the `flower-superlink` CLI command to start a SuperLink as shown below:

		$ flower-superlink --insecure

	To view usage and all available options, run:

		$ flower-superlink --help

	Using `start_server()` is deprecated.

            This is a deprecated feature. It will be removed
            entirely in future versions of Flower.
        
[92mINFO [0m:      Starting Flower server, config: num_rounds=100, no round_timeout
INFO:flwr:Starting Flower server, config: num_rounds=100, no round_timeout
[92mINFO [0m:      Flower ECE: gRPC server running (100 rounds), SSL is disabled
INFO:flwr:Flower ECE: gRPC server running (100 rounds), SSL is disabled
[92mINFO [0m:      [INIT]
INFO:flwr:[INIT]
[92mINFO [0m:      Using initial global parameters provided by strategy
INFO:flwr:Using initial global parameters provided by strategy
[92mINFO [0m:      Starting evaluation of initial global parameters
INFO:flwr:Starting evaluation of initial global parameters
[92mINFO [0m:      initial parameters (loss, other metrics): 0.6827398573651033, {'accuracy': 0.6053921568627451, 'f1': 0.7099099099099099, 'testing_loss': 0.6827398573651033}
INFO:flwr:initial parameters (loss, other metrics): 0.6827398573651033, {'accuracy': 0.6053921568627451, 'f1': 0.7099099099099099, 'testing_loss': 0.6827398573651033}
[92mINFO [0m:      
INFO:flwr:
[92mINFO [0m:      [ROUND 1]
INFO:flwr:[ROUND 1]
[92mINFO [0m:      configure_fit: strategy sampled 2 clients (out of 2)
INFO:flwr:configure_fit: strategy sampled 2 clients (out of 2)
[92mINFO [0m:      aggregate_fit: received 2 results and 0 failures
INFO:flwr:aggregate_fit: received 2 results and 0 failures
[93mWARNING [0m:   No fit_metrics_aggregation_fn provided
WARNING:flwr:No fit_metrics_aggregation_fn provided
[92mINFO [0m:      fit progress: (1, 0.9314963712411768, {'accuracy': 0.3161764705882353, 'f1': 0.0, 'testing_loss': 0.9314963712411768}, 12.218927897003596)
INFO:flwr:fit progress: (1, 0.9314963712411768, {'accuracy': 0.3161764705882353, 'f1': 0.0, 'testing_loss': 0.9314963712411768}, 12.218927897003596)
[92mINFO [0m:      configure_evaluate: no clients selected, skipping evaluation
INFO:flwr:configure_evaluate: no clients selected, skipping evaluation
[92mINFO [0m:      
INFO:flwr:
[92mINFO [0m:      [ROUND 2]
INFO:flwr:[ROUND 2]
[92mINFO [0m:      configure_fit: strategy sampled 2 clients (out of 2)
INFO:flwr:configure_fit: strategy sampled 2 clients (out of 2)
