11:50:55 - PyTorch version 2.5.1 available.
[93mWARNING [0m:   DEPRECATED FEATURE: flwr.server.start_server() is deprecated.
	Instead, use the `flower-superlink` CLI command to start a SuperLink as shown below:

		$ flower-superlink --insecure

	To view usage and all available options, run:

		$ flower-superlink --help

	Using `start_server()` is deprecated.

            This is a deprecated feature. It will be removed
            entirely in future versions of Flower.
        
11:51:03 - DEPRECATED FEATURE: flwr.server.start_server() is deprecated.
	Instead, use the `flower-superlink` CLI command to start a SuperLink as shown below:

		$ flower-superlink --insecure

	To view usage and all available options, run:

		$ flower-superlink --help

	Using `start_server()` is deprecated.

            This is a deprecated feature. It will be removed
            entirely in future versions of Flower.
        
[92mINFO [0m:      Starting Flower server, config: num_rounds=100, no round_timeout
11:51:03 - Starting Flower server, config: num_rounds=100, no round_timeout
[92mINFO [0m:      Flower ECE: gRPC server running (100 rounds), SSL is disabled
11:51:03 - Flower ECE: gRPC server running (100 rounds), SSL is disabled
[92mINFO [0m:      [INIT]
11:51:03 - [INIT]
[92mINFO [0m:      Using initial global parameters provided by strategy
11:51:03 - Using initial global parameters provided by strategy
[92mINFO [0m:      Starting evaluation of initial global parameters
11:51:03 - Starting evaluation of initial global parameters
[92mINFO [0m:      initial parameters (loss, other metrics): 0.679737295590195, {'accuracy': 0.6397058823529411, 'f1': 0.7632850241545893, 'testing_loss': 0.679737295590195}
11:51:05 - initial parameters (loss, other metrics): 0.679737295590195, {'accuracy': 0.6397058823529411, 'f1': 0.7632850241545893, 'testing_loss': 0.679737295590195}
[92mINFO [0m:      
11:51:05 - 
[92mINFO [0m:      [ROUND 1]
11:51:05 - [ROUND 1]
[92mINFO [0m:      configure_fit: strategy sampled 2 clients (out of 2)
11:51:10 - configure_fit: strategy sampled 2 clients (out of 2)
11:51:16 - [Monitor Variance] Aggregated local states successfully from Client IDs [1, 0]!
11:51:16 - [Monitor Variance] Successfully sent back to Client 1 at localhost:9201 the variance approximation 0.0079!
11:51:16 - [Monitor Variance] Successfully sent back to Client 0 at localhost:9199 the variance approximation 0.0079!
[92mINFO [0m:      aggregate_fit: received 2 results and 0 failures
11:51:16 - aggregate_fit: received 2 results and 0 failures
11:51:16 - [FdaAdam] aggregated_ndarrays <class 'list'>!
11:51:16 - [FdaAdam] aggregated_ndarrays 41!
[93mWARNING [0m:   No fit_metrics_aggregation_fn provided
11:51:16 - No fit_metrics_aggregation_fn provided
[92mINFO [0m:      fit progress: (1, 1.6054969184538896, {'accuracy': 0.3161764705882353, 'f1': 0.0, 'testing_loss': 1.6054969184538896}, 14.056851953995647)
11:51:19 - fit progress: (1, 1.6054969184538896, {'accuracy': 0.3161764705882353, 'f1': 0.0, 'testing_loss': 1.6054969184538896}, 14.056851953995647)
[92mINFO [0m:      configure_evaluate: no clients selected, skipping evaluation
11:51:19 - configure_evaluate: no clients selected, skipping evaluation
[92mINFO [0m:      
11:51:19 - 
[92mINFO [0m:      [ROUND 2]
11:51:19 - [ROUND 2]
[92mINFO [0m:      configure_fit: strategy sampled 2 clients (out of 2)
11:51:19 - configure_fit: strategy sampled 2 clients (out of 2)
11:51:23 - [Monitor Variance] Aggregated local states successfully from Client IDs [1, 0]!
11:51:23 - [Monitor Variance] Successfully sent back to Client 1 at localhost:9201 the variance approximation 0.0176!
11:51:23 - [Monitor Variance] Successfully sent back to Client 0 at localhost:9199 the variance approximation 0.0176!
[92mINFO [0m:      aggregate_fit: received 2 results and 0 failures
11:51:23 - aggregate_fit: received 2 results and 0 failures
11:51:23 - [FdaAdam] aggregated_ndarrays <class 'list'>!
11:51:23 - [FdaAdam] aggregated_ndarrays 41!
[92mINFO [0m:      fit progress: (2, 3.6858883976329513, {'accuracy': 0.6838235294117647, 'f1': 0.8122270742358079, 'testing_loss': 3.6858883976329513}, 19.959342088986887)
11:51:24 - fit progress: (2, 3.6858883976329513, {'accuracy': 0.6838235294117647, 'f1': 0.8122270742358079, 'testing_loss': 3.6858883976329513}, 19.959342088986887)
[92mINFO [0m:      configure_evaluate: no clients selected, skipping evaluation
11:51:24 - configure_evaluate: no clients selected, skipping evaluation
[92mINFO [0m:      
11:51:24 - 
[92mINFO [0m:      [ROUND 3]
11:51:24 - [ROUND 3]
[92mINFO [0m:      configure_fit: strategy sampled 2 clients (out of 2)
11:51:24 - configure_fit: strategy sampled 2 clients (out of 2)
11:51:29 - [Monitor Variance] Aggregated local states successfully from Client IDs [1, 0]!
11:51:29 - [Monitor Variance] Successfully sent back to Client 1 at localhost:9201 the variance approximation 0.0548!
11:51:29 - [Monitor Variance] Successfully sent back to Client 0 at localhost:9199 the variance approximation 0.0548!
[92mINFO [0m:      aggregate_fit: received 2 results and 0 failures
11:51:29 - aggregate_fit: received 2 results and 0 failures
11:51:29 - [FdaAdam] aggregated_ndarrays <class 'list'>!
11:51:29 - [FdaAdam] aggregated_ndarrays 41!
[92mINFO [0m:      fit progress: (3, 4.28970059226541, {'accuracy': 0.3161764705882353, 'f1': 0.0, 'testing_loss': 4.28970059226541}, 25.838476582983276)
11:51:30 - fit progress: (3, 4.28970059226541, {'accuracy': 0.3161764705882353, 'f1': 0.0, 'testing_loss': 4.28970059226541}, 25.838476582983276)
[92mINFO [0m:      configure_evaluate: no clients selected, skipping evaluation
11:51:30 - configure_evaluate: no clients selected, skipping evaluation
[92mINFO [0m:      
11:51:30 - 
[92mINFO [0m:      [ROUND 4]
11:51:30 - [ROUND 4]
[92mINFO [0m:      configure_fit: strategy sampled 2 clients (out of 2)
11:51:30 - configure_fit: strategy sampled 2 clients (out of 2)
11:51:35 - [Monitor Variance] Aggregated local states successfully from Client IDs [1, 0]!
11:51:35 - [Monitor Variance] Successfully sent back to Client 1 at localhost:9201 the variance approximation 0.0443!
11:51:35 - [Monitor Variance] Successfully sent back to Client 0 at localhost:9199 the variance approximation 0.0443!
[92mINFO [0m:      aggregate_fit: received 2 results and 0 failures
11:51:35 - aggregate_fit: received 2 results and 0 failures
