/home/mtheologitis/FDA-Opt-Sys/fdaopt/networking.py:56: DeprecationWarning: invalid escape sequence '\H'
  logging.warning("\n\n\n\H1\n\n\n\n\n\n")
WARNING:root:



WTF






WARNING:root:


\H1






[93mWARNING [0m:   DEPRECATED FEATURE: flwr.server.start_server() is deprecated.
	Instead, use the `flower-superlink` CLI command to start a SuperLink as shown below:

		$ flower-superlink --insecure

	To view usage and all available options, run:

		$ flower-superlink --help

	Using `start_server()` is deprecated.

            This is a deprecated feature. It will be removed
            entirely in future versions of Flower.
        
WARNING:flwr:DEPRECATED FEATURE: flwr.server.start_server() is deprecated.
	Instead, use the `flower-superlink` CLI command to start a SuperLink as shown below:

		$ flower-superlink --insecure

	To view usage and all available options, run:

		$ flower-superlink --help

	Using `start_server()` is deprecated.

            This is a deprecated feature. It will be removed
            entirely in future versions of Flower.
        
[92mINFO [0m:      Starting Flower server, config: num_rounds=100, no round_timeout
INFO:flwr:Starting Flower server, config: num_rounds=100, no round_timeout
[92mINFO [0m:      Flower ECE: gRPC server running (100 rounds), SSL is disabled
INFO:flwr:Flower ECE: gRPC server running (100 rounds), SSL is disabled
[92mINFO [0m:      [INIT]
INFO:flwr:[INIT]
[92mINFO [0m:      Using initial global parameters provided by strategy
INFO:flwr:Using initial global parameters provided by strategy
[92mINFO [0m:      Starting evaluation of initial global parameters
INFO:flwr:Starting evaluation of initial global parameters
[92mINFO [0m:      initial parameters (loss, other metrics): 0.7477780627269371, {'accuracy': 0.3112745098039216, 'f1': 0.020905923344947737, 'testing_loss': 0.7477780627269371}
INFO:flwr:initial parameters (loss, other metrics): 0.7477780627269371, {'accuracy': 0.3112745098039216, 'f1': 0.020905923344947737, 'testing_loss': 0.7477780627269371}
[92mINFO [0m:      
INFO:flwr:
[92mINFO [0m:      [ROUND 1]
INFO:flwr:[ROUND 1]
[92mINFO [0m:      configure_fit: strategy sampled 2 clients (out of 2)
INFO:flwr:configure_fit: strategy sampled 2 clients (out of 2)
[92mINFO [0m:      aggregate_fit: received 2 results and 0 failures
INFO:flwr:aggregate_fit: received 2 results and 0 failures
[93mWARNING [0m:   No fit_metrics_aggregation_fn provided
WARNING:flwr:No fit_metrics_aggregation_fn provided
[92mINFO [0m:      fit progress: (1, 3.8622298567902806, {'accuracy': 0.3161764705882353, 'f1': 0.0, 'testing_loss': 3.8622298567902806}, 13.084923180984333)
INFO:flwr:fit progress: (1, 3.8622298567902806, {'accuracy': 0.3161764705882353, 'f1': 0.0, 'testing_loss': 3.8622298567902806}, 13.084923180984333)
[92mINFO [0m:      configure_evaluate: no clients selected, skipping evaluation
INFO:flwr:configure_evaluate: no clients selected, skipping evaluation
[92mINFO [0m:      
INFO:flwr:
[92mINFO [0m:      [ROUND 2]
INFO:flwr:[ROUND 2]
[92mINFO [0m:      configure_fit: strategy sampled 2 clients (out of 2)
INFO:flwr:configure_fit: strategy sampled 2 clients (out of 2)
[92mINFO [0m:      aggregate_fit: received 2 results and 0 failures
INFO:flwr:aggregate_fit: received 2 results and 0 failures
[92mINFO [0m:      fit progress: (2, 0.7724102890374613, {'accuracy': 0.6838235294117647, 'f1': 0.8122270742358079, 'testing_loss': 0.7724102890374613}, 19.649838818004355)
INFO:flwr:fit progress: (2, 0.7724102890374613, {'accuracy': 0.6838235294117647, 'f1': 0.8122270742358079, 'testing_loss': 0.7724102890374613}, 19.649838818004355)
[92mINFO [0m:      configure_evaluate: no clients selected, skipping evaluation
INFO:flwr:configure_evaluate: no clients selected, skipping evaluation
[92mINFO [0m:      
INFO:flwr:
[92mINFO [0m:      [ROUND 3]
INFO:flwr:[ROUND 3]
[92mINFO [0m:      configure_fit: strategy sampled 2 clients (out of 2)
INFO:flwr:configure_fit: strategy sampled 2 clients (out of 2)
[92mINFO [0m:      aggregate_fit: received 2 results and 0 failures
INFO:flwr:aggregate_fit: received 2 results and 0 failures
[92mINFO [0m:      fit progress: (3, 3.8418760206185136, {'accuracy': 0.3161764705882353, 'f1': 0.0, 'testing_loss': 3.8418760206185136}, 27.043851722002728)
INFO:flwr:fit progress: (3, 3.8418760206185136, {'accuracy': 0.3161764705882353, 'f1': 0.0, 'testing_loss': 3.8418760206185136}, 27.043851722002728)
[92mINFO [0m:      configure_evaluate: no clients selected, skipping evaluation
INFO:flwr:configure_evaluate: no clients selected, skipping evaluation
[92mINFO [0m:      
INFO:flwr:
[92mINFO [0m:      [ROUND 4]
INFO:flwr:[ROUND 4]
[92mINFO [0m:      configure_fit: strategy sampled 2 clients (out of 2)
INFO:flwr:configure_fit: strategy sampled 2 clients (out of 2)
[92mINFO [0m:      aggregate_fit: received 2 results and 0 failures
INFO:flwr:aggregate_fit: received 2 results and 0 failures
[92mINFO [0m:      fit progress: (4, 4.189424867723402, {'accuracy': 0.6838235294117647, 'f1': 0.8122270742358079, 'testing_loss': 4.189424867723402}, 35.601507772982586)
INFO:flwr:fit progress: (4, 4.189424867723402, {'accuracy': 0.6838235294117647, 'f1': 0.8122270742358079, 'testing_loss': 4.189424867723402}, 35.601507772982586)
[92mINFO [0m:      configure_evaluate: no clients selected, skipping evaluation
INFO:flwr:configure_evaluate: no clients selected, skipping evaluation
[92mINFO [0m:      
INFO:flwr:
[92mINFO [0m:      [ROUND 5]
INFO:flwr:[ROUND 5]
[92mINFO [0m:      configure_fit: strategy sampled 2 clients (out of 2)
INFO:flwr:configure_fit: strategy sampled 2 clients (out of 2)
[92mINFO [0m:      aggregate_fit: received 2 results and 0 failures
INFO:flwr:aggregate_fit: received 2 results and 0 failures
[92mINFO [0m:      fit progress: (5, 1.3829554578691137, {'accuracy': 0.6838235294117647, 'f1': 0.8122270742358079, 'testing_loss': 1.3829554578691137}, 41.808942283998476)
INFO:flwr:fit progress: (5, 1.3829554578691137, {'accuracy': 0.6838235294117647, 'f1': 0.8122270742358079, 'testing_loss': 1.3829554578691137}, 41.808942283998476)
[92mINFO [0m:      configure_evaluate: no clients selected, skipping evaluation
INFO:flwr:configure_evaluate: no clients selected, skipping evaluation
[92mINFO [0m:      
INFO:flwr:
[92mINFO [0m:      [ROUND 6]
INFO:flwr:[ROUND 6]
[92mINFO [0m:      configure_fit: strategy sampled 2 clients (out of 2)
INFO:flwr:configure_fit: strategy sampled 2 clients (out of 2)
[92mINFO [0m:      aggregate_fit: received 2 results and 0 failures
INFO:flwr:aggregate_fit: received 2 results and 0 failures
[92mINFO [0m:      fit progress: (6, 3.549499006832347, {'accuracy': 0.3161764705882353, 'f1': 0.0, 'testing_loss': 3.549499006832347}, 48.00781553698471)
INFO:flwr:fit progress: (6, 3.549499006832347, {'accuracy': 0.3161764705882353, 'f1': 0.0, 'testing_loss': 3.549499006832347}, 48.00781553698471)
[92mINFO [0m:      configure_evaluate: no clients selected, skipping evaluation
INFO:flwr:configure_evaluate: no clients selected, skipping evaluation
[92mINFO [0m:      
INFO:flwr:
[92mINFO [0m:      [ROUND 7]
INFO:flwr:[ROUND 7]
[92mINFO [0m:      configure_fit: strategy sampled 2 clients (out of 2)
INFO:flwr:configure_fit: strategy sampled 2 clients (out of 2)
[92mINFO [0m:      aggregate_fit: received 2 results and 0 failures
INFO:flwr:aggregate_fit: received 2 results and 0 failures
[92mINFO [0m:      fit progress: (7, 3.888651081160003, {'accuracy': 0.3161764705882353, 'f1': 0.0, 'testing_loss': 3.888651081160003}, 54.00666070898296)
INFO:flwr:fit progress: (7, 3.888651081160003, {'accuracy': 0.3161764705882353, 'f1': 0.0, 'testing_loss': 3.888651081160003}, 54.00666070898296)
[92mINFO [0m:      configure_evaluate: no clients selected, skipping evaluation
INFO:flwr:configure_evaluate: no clients selected, skipping evaluation
[92mINFO [0m:      
INFO:flwr:
[92mINFO [0m:      [ROUND 8]
INFO:flwr:[ROUND 8]
[92mINFO [0m:      configure_fit: strategy sampled 2 clients (out of 2)
INFO:flwr:configure_fit: strategy sampled 2 clients (out of 2)
[92mINFO [0m:      aggregate_fit: received 2 results and 0 failures
INFO:flwr:aggregate_fit: received 2 results and 0 failures
[92mINFO [0m:      fit progress: (8, 0.7919019846355214, {'accuracy': 0.3161764705882353, 'f1': 0.0, 'testing_loss': 0.7919019846355214}, 60.23133365099784)
INFO:flwr:fit progress: (8, 0.7919019846355214, {'accuracy': 0.3161764705882353, 'f1': 0.0, 'testing_loss': 0.7919019846355214}, 60.23133365099784)
[92mINFO [0m:      configure_evaluate: no clients selected, skipping evaluation
INFO:flwr:configure_evaluate: no clients selected, skipping evaluation
[92mINFO [0m:      
INFO:flwr:
[92mINFO [0m:      [ROUND 9]
INFO:flwr:[ROUND 9]
[92mINFO [0m:      configure_fit: strategy sampled 2 clients (out of 2)
INFO:flwr:configure_fit: strategy sampled 2 clients (out of 2)
[92mINFO [0m:      aggregate_fit: received 2 results and 0 failures
INFO:flwr:aggregate_fit: received 2 results and 0 failures
[92mINFO [0m:      fit progress: (9, 1.5626800477176028, {'accuracy': 0.6838235294117647, 'f1': 0.8122270742358079, 'testing_loss': 1.5626800477176028}, 67.96618803098681)
INFO:flwr:fit progress: (9, 1.5626800477176028, {'accuracy': 0.6838235294117647, 'f1': 0.8122270742358079, 'testing_loss': 1.5626800477176028}, 67.96618803098681)
[92mINFO [0m:      configure_evaluate: no clients selected, skipping evaluation
INFO:flwr:configure_evaluate: no clients selected, skipping evaluation
[92mINFO [0m:      
INFO:flwr:
[92mINFO [0m:      [ROUND 10]
INFO:flwr:[ROUND 10]
[92mINFO [0m:      configure_fit: strategy sampled 2 clients (out of 2)
INFO:flwr:configure_fit: strategy sampled 2 clients (out of 2)
[92mINFO [0m:      aggregate_fit: received 2 results and 0 failures
INFO:flwr:aggregate_fit: received 2 results and 0 failures
[92mINFO [0m:      fit progress: (10, 2.1026091278261303, {'accuracy': 0.6838235294117647, 'f1': 0.8122270742358079, 'testing_loss': 2.1026091278261303}, 74.2113452089834)
INFO:flwr:fit progress: (10, 2.1026091278261303, {'accuracy': 0.6838235294117647, 'f1': 0.8122270742358079, 'testing_loss': 2.1026091278261303}, 74.2113452089834)
[92mINFO [0m:      configure_evaluate: no clients selected, skipping evaluation
INFO:flwr:configure_evaluate: no clients selected, skipping evaluation
[92mINFO [0m:      
INFO:flwr:
[92mINFO [0m:      [ROUND 11]
INFO:flwr:[ROUND 11]
[92mINFO [0m:      configure_fit: strategy sampled 2 clients (out of 2)
INFO:flwr:configure_fit: strategy sampled 2 clients (out of 2)
[92mINFO [0m:      aggregate_fit: received 2 results and 0 failures
INFO:flwr:aggregate_fit: received 2 results and 0 failures
