13:04:53 - PyTorch version 2.5.1 available.
[93mWARNING [0m:   DEPRECATED FEATURE: flwr.server.start_server() is deprecated.
	Instead, use the `flower-superlink` CLI command to start a SuperLink as shown below:

		$ flower-superlink --insecure

	To view usage and all available options, run:

		$ flower-superlink --help

	Using `start_server()` is deprecated.

            This is a deprecated feature. It will be removed
            entirely in future versions of Flower.
        
13:05:02 - DEPRECATED FEATURE: flwr.server.start_server() is deprecated.
	Instead, use the `flower-superlink` CLI command to start a SuperLink as shown below:

		$ flower-superlink --insecure

	To view usage and all available options, run:

		$ flower-superlink --help

	Using `start_server()` is deprecated.

            This is a deprecated feature. It will be removed
            entirely in future versions of Flower.
        
[92mINFO [0m:      Starting Flower server, config: num_rounds=100, no round_timeout
13:05:02 - Starting Flower server, config: num_rounds=100, no round_timeout
[92mINFO [0m:      Flower ECE: gRPC server running (100 rounds), SSL is disabled
13:05:02 - Flower ECE: gRPC server running (100 rounds), SSL is disabled
[92mINFO [0m:      [INIT]
13:05:02 - [INIT]
[92mINFO [0m:      Using initial global parameters provided by strategy
13:05:02 - Using initial global parameters provided by strategy
[92mINFO [0m:      Starting evaluation of initial global parameters
13:05:02 - Starting evaluation of initial global parameters
[92mINFO [0m:      initial parameters (loss, other metrics): 0.6733770101678138, {'accuracy': 0.6936274509803921, 'f1': 0.8097412480974124, 'testing_loss': 0.6733770101678138}
13:05:04 - initial parameters (loss, other metrics): 0.6733770101678138, {'accuracy': 0.6936274509803921, 'f1': 0.8097412480974124, 'testing_loss': 0.6733770101678138}
[92mINFO [0m:      
13:05:04 - 
[92mINFO [0m:      [ROUND 1]
13:05:04 - [ROUND 1]
[92mINFO [0m:      configure_fit: strategy sampled 2 clients (out of 2)
13:05:09 - configure_fit: strategy sampled 2 clients (out of 2)
13:05:15 - [Monitor Variance] Aggregated local states successfully from Client IDs [1, 0]!
13:05:15 - [Monitor Variance] Successfully sent back to Client 1 at localhost:9201 the variance approximation 0.0071!
13:05:15 - [Monitor Variance] Successfully sent back to Client 0 at localhost:9199 the variance approximation 0.0071!
[92mINFO [0m:      aggregate_fit: received 2 results and 0 failures
13:05:16 - aggregate_fit: received 2 results and 0 failures
13:05:16 - [FdaAdam] Actual Variance: 0.007415201514959335!
[93mWARNING [0m:   No fit_metrics_aggregation_fn provided
13:05:16 - No fit_metrics_aggregation_fn provided
[92mINFO [0m:      fit progress: (1, 5.681569632361917, {'accuracy': 0.3161764705882353, 'f1': 0.0, 'testing_loss': 5.681569632361917}, 13.453853172948584)
13:05:17 - fit progress: (1, 5.681569632361917, {'accuracy': 0.3161764705882353, 'f1': 0.0, 'testing_loss': 5.681569632361917}, 13.453853172948584)
[92mINFO [0m:      configure_evaluate: no clients selected, skipping evaluation
13:05:17 - configure_evaluate: no clients selected, skipping evaluation
[92mINFO [0m:      
13:05:17 - 
[92mINFO [0m:      [ROUND 2]
13:05:17 - [ROUND 2]
[92mINFO [0m:      configure_fit: strategy sampled 2 clients (out of 2)
13:05:17 - configure_fit: strategy sampled 2 clients (out of 2)
13:05:23 - [Monitor Variance] Aggregated local states successfully from Client IDs [1, 0]!
13:05:23 - [Monitor Variance] Successfully sent back to Client 1 at localhost:9201 the variance approximation 0.0052!
13:05:23 - [Monitor Variance] Successfully sent back to Client 0 at localhost:9199 the variance approximation 0.0052!
[92mINFO [0m:      aggregate_fit: received 2 results and 0 failures
13:05:23 - aggregate_fit: received 2 results and 0 failures
13:05:23 - [FdaAdam] Actual Variance: 0.004813616629689932!
[92mINFO [0m:      fit progress: (2, 0.6271330573979546, {'accuracy': 0.6838235294117647, 'f1': 0.8122270742358079, 'testing_loss': 0.6271330573979546}, 20.830839840928093)
13:05:25 - fit progress: (2, 0.6271330573979546, {'accuracy': 0.6838235294117647, 'f1': 0.8122270742358079, 'testing_loss': 0.6271330573979546}, 20.830839840928093)
[92mINFO [0m:      configure_evaluate: no clients selected, skipping evaluation
13:05:25 - configure_evaluate: no clients selected, skipping evaluation
[92mINFO [0m:      
13:05:25 - 
[92mINFO [0m:      [ROUND 3]
13:05:25 - [ROUND 3]
[92mINFO [0m:      configure_fit: strategy sampled 2 clients (out of 2)
13:05:25 - configure_fit: strategy sampled 2 clients (out of 2)
13:05:31 - [Monitor Variance] Aggregated local states successfully from Client IDs [1, 0]!
13:05:31 - [Monitor Variance] Successfully sent back to Client 1 at localhost:9201 the variance approximation 0.0047!
13:05:31 - [Monitor Variance] Successfully sent back to Client 0 at localhost:9199 the variance approximation 0.0047!
[92mINFO [0m:      aggregate_fit: received 2 results and 0 failures
13:05:31 - aggregate_fit: received 2 results and 0 failures
13:05:31 - [FdaAdam] Actual Variance: 0.004983586724847555!
[92mINFO [0m:      fit progress: (3, 3.5214038643182493, {'accuracy': 0.3161764705882353, 'f1': 0.0, 'testing_loss': 3.5214038643182493}, 28.724945904919878)
13:05:33 - fit progress: (3, 3.5214038643182493, {'accuracy': 0.3161764705882353, 'f1': 0.0, 'testing_loss': 3.5214038643182493}, 28.724945904919878)
[92mINFO [0m:      configure_evaluate: no clients selected, skipping evaluation
13:05:33 - configure_evaluate: no clients selected, skipping evaluation
[92mINFO [0m:      
13:05:33 - 
[92mINFO [0m:      [ROUND 4]
13:05:33 - [ROUND 4]
[92mINFO [0m:      configure_fit: strategy sampled 2 clients (out of 2)
13:05:33 - configure_fit: strategy sampled 2 clients (out of 2)
13:05:39 - [Monitor Variance] Aggregated local states successfully from Client IDs [1, 0]!
13:05:39 - [Monitor Variance] Successfully sent back to Client 1 at localhost:9201 the variance approximation 0.0155!
13:05:39 - [Monitor Variance] Successfully sent back to Client 0 at localhost:9199 the variance approximation 0.0155!
[92mINFO [0m:      aggregate_fit: received 2 results and 0 failures
13:05:39 - aggregate_fit: received 2 results and 0 failures
13:05:39 - [FdaAdam] Actual Variance: 0.005414280574768782!
[92mINFO [0m:      fit progress: (4, 2.9130756127480852, {'accuracy': 0.6838235294117647, 'f1': 0.8122270742358079, 'testing_loss': 2.9130756127480852}, 36.33264356898144)
13:05:40 - fit progress: (4, 2.9130756127480852, {'accuracy': 0.6838235294117647, 'f1': 0.8122270742358079, 'testing_loss': 2.9130756127480852}, 36.33264356898144)
[92mINFO [0m:      configure_evaluate: no clients selected, skipping evaluation
13:05:40 - configure_evaluate: no clients selected, skipping evaluation
[92mINFO [0m:      
13:05:40 - 
[92mINFO [0m:      [ROUND 5]
13:05:40 - [ROUND 5]
[92mINFO [0m:      configure_fit: strategy sampled 2 clients (out of 2)
13:05:40 - configure_fit: strategy sampled 2 clients (out of 2)
13:05:45 - [Monitor Variance] Aggregated local states successfully from Client IDs [1, 0]!
13:05:45 - [Monitor Variance] Successfully sent back to Client 1 at localhost:9201 the variance approximation 0.0189!
13:05:45 - [Monitor Variance] Successfully sent back to Client 0 at localhost:9199 the variance approximation 0.0189!
[92mINFO [0m:      aggregate_fit: received 2 results and 0 failures
13:05:45 - aggregate_fit: received 2 results and 0 failures
13:05:45 - [FdaAdam] Actual Variance: 0.018630603328347206!
[92mINFO [0m:      fit progress: (5, 0.7217552626834196, {'accuracy': 0.3161764705882353, 'f1': 0.0, 'testing_loss': 0.7217552626834196}, 42.71943521895446)
13:05:47 - fit progress: (5, 0.7217552626834196, {'accuracy': 0.3161764705882353, 'f1': 0.0, 'testing_loss': 0.7217552626834196}, 42.71943521895446)
[92mINFO [0m:      configure_evaluate: no clients selected, skipping evaluation
13:05:47 - configure_evaluate: no clients selected, skipping evaluation
[92mINFO [0m:      
13:05:47 - 
[92mINFO [0m:      [ROUND 6]
13:05:47 - [ROUND 6]
[92mINFO [0m:      configure_fit: strategy sampled 2 clients (out of 2)
13:05:47 - configure_fit: strategy sampled 2 clients (out of 2)
13:05:52 - [Monitor Variance] Aggregated local states successfully from Client IDs [1, 0]!
13:05:52 - [Monitor Variance] Successfully sent back to Client 1 at localhost:9201 the variance approximation 0.0062!
13:05:52 - [Monitor Variance] Successfully sent back to Client 0 at localhost:9199 the variance approximation 0.0062!
[92mINFO [0m:      aggregate_fit: received 2 results and 0 failures
13:05:52 - aggregate_fit: received 2 results and 0 failures
13:05:52 - [FdaAdam] Actual Variance: 0.006394348572939634!
[92mINFO [0m:      fit progress: (6, 0.6241408820245781, {'accuracy': 0.6838235294117647, 'f1': 0.8122270742358079, 'testing_loss': 0.6241408820245781}, 49.63832692196593)
13:05:53 - fit progress: (6, 0.6241408820245781, {'accuracy': 0.6838235294117647, 'f1': 0.8122270742358079, 'testing_loss': 0.6241408820245781}, 49.63832692196593)
[92mINFO [0m:      configure_evaluate: no clients selected, skipping evaluation
13:05:53 - configure_evaluate: no clients selected, skipping evaluation
[92mINFO [0m:      
13:05:53 - 
[92mINFO [0m:      [ROUND 7]
13:05:53 - [ROUND 7]
[92mINFO [0m:      configure_fit: strategy sampled 2 clients (out of 2)
13:05:53 - configure_fit: strategy sampled 2 clients (out of 2)
13:05:59 - [Monitor Variance] Aggregated local states successfully from Client IDs [1, 0]!
13:05:59 - [Monitor Variance] Successfully sent back to Client 1 at localhost:9201 the variance approximation 0.0064!
13:05:59 - [Monitor Variance] Successfully sent back to Client 0 at localhost:9199 the variance approximation 0.0064!
[92mINFO [0m:      aggregate_fit: received 2 results and 0 failures
13:05:59 - aggregate_fit: received 2 results and 0 failures
13:05:59 - [FdaAdam] Actual Variance: 0.006740875542163849!
[92mINFO [0m:      fit progress: (7, 4.9762336646809295, {'accuracy': 0.3161764705882353, 'f1': 0.0, 'testing_loss': 4.9762336646809295}, 56.84518114803359)
13:06:01 - fit progress: (7, 4.9762336646809295, {'accuracy': 0.3161764705882353, 'f1': 0.0, 'testing_loss': 4.9762336646809295}, 56.84518114803359)
[92mINFO [0m:      configure_evaluate: no clients selected, skipping evaluation
13:06:01 - configure_evaluate: no clients selected, skipping evaluation
[92mINFO [0m:      
13:06:01 - 
[92mINFO [0m:      [ROUND 8]
13:06:01 - [ROUND 8]
[92mINFO [0m:      configure_fit: strategy sampled 2 clients (out of 2)
13:06:01 - configure_fit: strategy sampled 2 clients (out of 2)
13:06:06 - [Monitor Variance] Aggregated local states successfully from Client IDs [1, 0]!
13:06:06 - [Monitor Variance] Successfully sent back to Client 1 at localhost:9201 the variance approximation -0.0011!
13:06:06 - [Monitor Variance] Successfully sent back to Client 0 at localhost:9199 the variance approximation -0.0011!
[92mINFO [0m:      aggregate_fit: received 2 results and 0 failures
13:06:06 - aggregate_fit: received 2 results and 0 failures
13:06:06 - [FdaAdam] Actual Variance: 0.008941271342337132!
[92mINFO [0m:      fit progress: (8, 1.263630221725679, {'accuracy': 0.6838235294117647, 'f1': 0.8122270742358079, 'testing_loss': 1.263630221725679}, 63.45549382199533)
13:06:07 - fit progress: (8, 1.263630221725679, {'accuracy': 0.6838235294117647, 'f1': 0.8122270742358079, 'testing_loss': 1.263630221725679}, 63.45549382199533)
[92mINFO [0m:      configure_evaluate: no clients selected, skipping evaluation
13:06:07 - configure_evaluate: no clients selected, skipping evaluation
[92mINFO [0m:      
13:06:07 - 
[92mINFO [0m:      [ROUND 9]
13:06:07 - [ROUND 9]
[92mINFO [0m:      configure_fit: strategy sampled 2 clients (out of 2)
13:06:07 - configure_fit: strategy sampled 2 clients (out of 2)
13:06:12 - [Monitor Variance] Aggregated local states successfully from Client IDs [1, 0]!
13:06:12 - [Monitor Variance] Successfully sent back to Client 1 at localhost:9201 the variance approximation 0.0087!
13:06:12 - [Monitor Variance] Successfully sent back to Client 0 at localhost:9199 the variance approximation 0.0087!
[92mINFO [0m:      aggregate_fit: received 2 results and 0 failures
13:06:12 - aggregate_fit: received 2 results and 0 failures
13:06:13 - [FdaAdam] Actual Variance: 0.009053124114871025!
[92mINFO [0m:      fit progress: (9, 1.2837324616152281, {'accuracy': 0.6838235294117647, 'f1': 0.8122270742358079, 'testing_loss': 1.2837324616152281}, 70.23205734207295)
13:06:14 - fit progress: (9, 1.2837324616152281, {'accuracy': 0.6838235294117647, 'f1': 0.8122270742358079, 'testing_loss': 1.2837324616152281}, 70.23205734207295)
[92mINFO [0m:      configure_evaluate: no clients selected, skipping evaluation
13:06:14 - configure_evaluate: no clients selected, skipping evaluation
[92mINFO [0m:      
13:06:14 - 
[92mINFO [0m:      [ROUND 10]
13:06:14 - [ROUND 10]
[92mINFO [0m:      configure_fit: strategy sampled 2 clients (out of 2)
13:06:14 - configure_fit: strategy sampled 2 clients (out of 2)
13:06:20 - [Monitor Variance] Aggregated local states successfully from Client IDs [1, 0]!
13:06:20 - [Monitor Variance] Successfully sent back to Client 1 at localhost:9201 the variance approximation 0.0082!
13:06:20 - [Monitor Variance] Successfully sent back to Client 0 at localhost:9199 the variance approximation 0.0082!
[92mINFO [0m:      aggregate_fit: received 2 results and 0 failures
13:06:20 - aggregate_fit: received 2 results and 0 failures
13:06:20 - [FdaAdam] Actual Variance: 0.007846441119909286!
[92mINFO [0m:      fit progress: (10, 0.6896353071811152, {'accuracy': 0.6838235294117647, 'f1': 0.8122270742358079, 'testing_loss': 0.6896353071811152}, 78.18251606402919)
13:06:22 - fit progress: (10, 0.6896353071811152, {'accuracy': 0.6838235294117647, 'f1': 0.8122270742358079, 'testing_loss': 0.6896353071811152}, 78.18251606402919)
[92mINFO [0m:      configure_evaluate: no clients selected, skipping evaluation
13:06:22 - configure_evaluate: no clients selected, skipping evaluation
[92mINFO [0m:      
13:06:22 - 
[92mINFO [0m:      [ROUND 11]
13:06:22 - [ROUND 11]
[92mINFO [0m:      configure_fit: strategy sampled 2 clients (out of 2)
13:06:22 - configure_fit: strategy sampled 2 clients (out of 2)
13:06:27 - [Monitor Variance] Aggregated local states successfully from Client IDs [1, 0]!
13:06:27 - [Monitor Variance] Successfully sent back to Client 1 at localhost:9201 the variance approximation 0.0072!
13:06:27 - [Monitor Variance] Successfully sent back to Client 0 at localhost:9199 the variance approximation 0.0072!
[92mINFO [0m:      aggregate_fit: received 2 results and 0 failures
13:06:28 - aggregate_fit: received 2 results and 0 failures
13:06:28 - [FdaAdam] Actual Variance: 0.007731840945780277!
[92mINFO [0m:      fit progress: (11, 0.8980779110216627, {'accuracy': 0.3161764705882353, 'f1': 0.0, 'testing_loss': 0.8980779110216627}, 85.23653851100244)
13:06:29 - fit progress: (11, 0.8980779110216627, {'accuracy': 0.3161764705882353, 'f1': 0.0, 'testing_loss': 0.8980779110216627}, 85.23653851100244)
[92mINFO [0m:      configure_evaluate: no clients selected, skipping evaluation
13:06:29 - configure_evaluate: no clients selected, skipping evaluation
[92mINFO [0m:      
13:06:29 - 
[92mINFO [0m:      [ROUND 12]
13:06:29 - [ROUND 12]
[92mINFO [0m:      configure_fit: strategy sampled 2 clients (out of 2)
13:06:29 - configure_fit: strategy sampled 2 clients (out of 2)
13:06:35 - [Monitor Variance] Aggregated local states successfully from Client IDs [1, 0]!
13:06:35 - [Monitor Variance] Successfully sent back to Client 1 at localhost:9201 the variance approximation 0.0069!
13:06:35 - [Monitor Variance] Successfully sent back to Client 0 at localhost:9199 the variance approximation 0.0069!
[92mINFO [0m:      aggregate_fit: received 2 results and 0 failures
13:06:35 - aggregate_fit: received 2 results and 0 failures
13:06:35 - [FdaAdam] Actual Variance: 0.007320738397538662!
