[93mWARNING [0m:   DEPRECATED FEATURE: flwr.server.start_server() is deprecated.
	Instead, use the `flower-superlink` CLI command to start a SuperLink as shown below:

		$ flower-superlink --insecure

	To view usage and all available options, run:

		$ flower-superlink --help

	Using `start_server()` is deprecated.

            This is a deprecated feature. It will be removed
            entirely in future versions of Flower.
        
07:25:37 - DEPRECATED FEATURE: flwr.server.start_server() is deprecated.
	Instead, use the `flower-superlink` CLI command to start a SuperLink as shown below:

		$ flower-superlink --insecure

	To view usage and all available options, run:

		$ flower-superlink --help

	Using `start_server()` is deprecated.

            This is a deprecated feature. It will be removed
            entirely in future versions of Flower.
        
[92mINFO [0m:      Starting Flower server, config: num_rounds=100, no round_timeout
07:25:37 - Starting Flower server, config: num_rounds=100, no round_timeout
[92mINFO [0m:      Flower ECE: gRPC server running (100 rounds), SSL is disabled
07:25:37 - Flower ECE: gRPC server running (100 rounds), SSL is disabled
[92mINFO [0m:      [INIT]
07:25:37 - [INIT]
[92mINFO [0m:      Using initial global parameters provided by strategy
07:25:37 - Using initial global parameters provided by strategy
[92mINFO [0m:      Starting evaluation of initial global parameters
07:25:37 - Starting evaluation of initial global parameters
[92mINFO [0m:      initial parameters (loss, other metrics): 0.7495013078053793, {'accuracy': 0.3161764705882353, 'f1': 0.0, 'testing_loss': 0.7495013078053793}
07:25:39 - initial parameters (loss, other metrics): 0.7495013078053793, {'accuracy': 0.3161764705882353, 'f1': 0.0, 'testing_loss': 0.7495013078053793}
[92mINFO [0m:      
07:25:39 - 
[92mINFO [0m:      [ROUND 1]
07:25:39 - [ROUND 1]
[92mINFO [0m:      configure_fit: strategy sampled 2 clients (out of 2)
07:25:45 - configure_fit: strategy sampled 2 clients (out of 2)
