14:06:23 - PyTorch version 2.5.1 available.
[93mWARNING [0m:   DEPRECATED FEATURE: flwr.server.start_server() is deprecated.
	Instead, use the `flower-superlink` CLI command to start a SuperLink as shown below:

		$ flower-superlink --insecure

	To view usage and all available options, run:

		$ flower-superlink --help

	Using `start_server()` is deprecated.

            This is a deprecated feature. It will be removed
            entirely in future versions of Flower.
        
14:06:31 - DEPRECATED FEATURE: flwr.server.start_server() is deprecated.
	Instead, use the `flower-superlink` CLI command to start a SuperLink as shown below:

		$ flower-superlink --insecure

	To view usage and all available options, run:

		$ flower-superlink --help

	Using `start_server()` is deprecated.

            This is a deprecated feature. It will be removed
            entirely in future versions of Flower.
        
[92mINFO [0m:      Starting Flower server, config: num_rounds=100, no round_timeout
14:06:31 - Starting Flower server, config: num_rounds=100, no round_timeout
[92mINFO [0m:      Flower ECE: gRPC server running (100 rounds), SSL is disabled
14:06:31 - Flower ECE: gRPC server running (100 rounds), SSL is disabled
[92mINFO [0m:      [INIT]
14:06:31 - [INIT]
[92mINFO [0m:      Using initial global parameters provided by strategy
14:06:31 - Using initial global parameters provided by strategy
[92mINFO [0m:      Starting evaluation of initial global parameters
14:06:31 - Starting evaluation of initial global parameters
[92mINFO [0m:      initial parameters (loss, other metrics): 0.6848159035046896, {'accuracy': 0.6078431372549019, 'f1': 0.744408945686901, 'testing_loss': 0.6848159035046896}
14:06:33 - initial parameters (loss, other metrics): 0.6848159035046896, {'accuracy': 0.6078431372549019, 'f1': 0.744408945686901, 'testing_loss': 0.6848159035046896}
[92mINFO [0m:      
14:06:33 - 
[92mINFO [0m:      [ROUND 1]
14:06:33 - [ROUND 1]
[92mINFO [0m:      configure_fit: strategy sampled 2 clients (out of 2)
14:06:40 - configure_fit: strategy sampled 2 clients (out of 2)
14:06:50 - [Monitor Variance] Aggregated local states successfully from Client IDs [1, 0]!
14:06:50 - [Monitor Variance] Successfully sent back to Client 1 at localhost:9201 the variance approximation 0.0077!
14:06:50 - [Monitor Variance] Successfully sent back to Client 0 at localhost:9199 the variance approximation 0.0077!
[92mINFO [0m:      aggregate_fit: received 2 results and 0 failures
14:06:50 - aggregate_fit: received 2 results and 0 failures
14:06:50 - [FdaAdam] Actual Variance: 0.007318058051168919!
[93mWARNING [0m:   No fit_metrics_aggregation_fn provided
14:06:50 - No fit_metrics_aggregation_fn provided
14:06:50 - [FdaAdam - Metrics] {}!
[92mINFO [0m:      fit progress: (1, 2.475288746403713, {'accuracy': 0.3161764705882353, 'f1': 0.0, 'testing_loss': 2.475288746403713}, 18.788754265988246)
14:06:52 - fit progress: (1, 2.475288746403713, {'accuracy': 0.3161764705882353, 'f1': 0.0, 'testing_loss': 2.475288746403713}, 18.788754265988246)
[92mINFO [0m:      configure_evaluate: no clients selected, skipping evaluation
14:06:52 - configure_evaluate: no clients selected, skipping evaluation
[92mINFO [0m:      
14:06:52 - 
[92mINFO [0m:      [ROUND 2]
14:06:52 - [ROUND 2]
[92mINFO [0m:      configure_fit: strategy sampled 2 clients (out of 2)
14:06:52 - configure_fit: strategy sampled 2 clients (out of 2)
14:07:01 - [Monitor Variance] Aggregated local states successfully from Client IDs [1, 0]!
14:07:01 - [Monitor Variance] Successfully sent back to Client 1 at localhost:9201 the variance approximation 0.0109!
14:07:01 - [Monitor Variance] Successfully sent back to Client 0 at localhost:9199 the variance approximation 0.0109!
[92mINFO [0m:      aggregate_fit: received 2 results and 0 failures
14:07:01 - aggregate_fit: received 2 results and 0 failures
14:07:01 - [FdaAdam] Actual Variance: 0.010798212140798569!
14:07:01 - [FdaAdam - Metrics] {}!
[92mINFO [0m:      fit progress: (2, 1.3941766529837076, {'accuracy': 0.6838235294117647, 'f1': 0.8122270742358079, 'testing_loss': 1.3941766529837076}, 29.64272603695281)
14:07:03 - fit progress: (2, 1.3941766529837076, {'accuracy': 0.6838235294117647, 'f1': 0.8122270742358079, 'testing_loss': 1.3941766529837076}, 29.64272603695281)
[92mINFO [0m:      configure_evaluate: no clients selected, skipping evaluation
14:07:03 - configure_evaluate: no clients selected, skipping evaluation
[92mINFO [0m:      
14:07:03 - 
[92mINFO [0m:      [ROUND 3]
14:07:03 - [ROUND 3]
[92mINFO [0m:      configure_fit: strategy sampled 2 clients (out of 2)
14:07:03 - configure_fit: strategy sampled 2 clients (out of 2)
14:07:11 - [Monitor Variance] Aggregated local states successfully from Client IDs [1, 0]!
14:07:11 - [Monitor Variance] Successfully sent back to Client 1 at localhost:9201 the variance approximation 0.0073!
14:07:11 - [Monitor Variance] Successfully sent back to Client 0 at localhost:9199 the variance approximation 0.0073!
[92mINFO [0m:      aggregate_fit: received 2 results and 0 failures
14:07:11 - aggregate_fit: received 2 results and 0 failures
14:07:11 - [FdaAdam] Actual Variance: 0.005495387129485607!
14:07:12 - [FdaAdam - Metrics] {}!
[92mINFO [0m:      fit progress: (3, 3.27939786864262, {'accuracy': 0.3161764705882353, 'f1': 0.0, 'testing_loss': 3.27939786864262}, 40.250907621812075)
14:07:13 - fit progress: (3, 3.27939786864262, {'accuracy': 0.3161764705882353, 'f1': 0.0, 'testing_loss': 3.27939786864262}, 40.250907621812075)
[92mINFO [0m:      configure_evaluate: no clients selected, skipping evaluation
14:07:13 - configure_evaluate: no clients selected, skipping evaluation
[92mINFO [0m:      
14:07:13 - 
[92mINFO [0m:      [ROUND 4]
14:07:13 - [ROUND 4]
[92mINFO [0m:      configure_fit: strategy sampled 2 clients (out of 2)
14:07:13 - configure_fit: strategy sampled 2 clients (out of 2)
14:07:22 - [Monitor Variance] Aggregated local states successfully from Client IDs [1, 0]!
14:07:22 - [Monitor Variance] Successfully sent back to Client 1 at localhost:9201 the variance approximation 0.0088!
14:07:22 - [Monitor Variance] Successfully sent back to Client 0 at localhost:9199 the variance approximation 0.0088!
[92mINFO [0m:      aggregate_fit: received 2 results and 0 failures
14:07:22 - aggregate_fit: received 2 results and 0 failures
14:07:22 - [FdaAdam] Actual Variance: 0.004865933209657669!
14:07:22 - [FdaAdam - Metrics] {}!
[92mINFO [0m:      fit progress: (4, 5.414356619704003, {'accuracy': 0.3161764705882353, 'f1': 0.0, 'testing_loss': 5.414356619704003}, 50.933267537970096)
14:07:24 - fit progress: (4, 5.414356619704003, {'accuracy': 0.3161764705882353, 'f1': 0.0, 'testing_loss': 5.414356619704003}, 50.933267537970096)
[92mINFO [0m:      configure_evaluate: no clients selected, skipping evaluation
14:07:24 - configure_evaluate: no clients selected, skipping evaluation
[92mINFO [0m:      
14:07:24 - 
[92mINFO [0m:      [ROUND 5]
14:07:24 - [ROUND 5]
[92mINFO [0m:      configure_fit: strategy sampled 2 clients (out of 2)
14:07:24 - configure_fit: strategy sampled 2 clients (out of 2)
