13:16:19 - PyTorch version 2.5.1 available.
[93mWARNING [0m:   DEPRECATED FEATURE: flwr.server.start_server() is deprecated.
	Instead, use the `flower-superlink` CLI command to start a SuperLink as shown below:

		$ flower-superlink --insecure

	To view usage and all available options, run:

		$ flower-superlink --help

	Using `start_server()` is deprecated.

            This is a deprecated feature. It will be removed
            entirely in future versions of Flower.
        
13:16:28 - DEPRECATED FEATURE: flwr.server.start_server() is deprecated.
	Instead, use the `flower-superlink` CLI command to start a SuperLink as shown below:

		$ flower-superlink --insecure

	To view usage and all available options, run:

		$ flower-superlink --help

	Using `start_server()` is deprecated.

            This is a deprecated feature. It will be removed
            entirely in future versions of Flower.
        
[92mINFO [0m:      Starting Flower server, config: num_rounds=100, no round_timeout
13:16:28 - Starting Flower server, config: num_rounds=100, no round_timeout
[92mINFO [0m:      Flower ECE: gRPC server running (100 rounds), SSL is disabled
13:16:28 - Flower ECE: gRPC server running (100 rounds), SSL is disabled
[92mINFO [0m:      [INIT]
13:16:28 - [INIT]
[92mINFO [0m:      Using initial global parameters provided by strategy
13:16:28 - Using initial global parameters provided by strategy
[92mINFO [0m:      Starting evaluation of initial global parameters
13:16:28 - Starting evaluation of initial global parameters
[92mINFO [0m:      initial parameters (loss, other metrics): 0.752970251382566, {'accuracy': 0.31862745098039214, 'f1': 0.014184397163120567, 'testing_loss': 0.752970251382566}
13:16:30 - initial parameters (loss, other metrics): 0.752970251382566, {'accuracy': 0.31862745098039214, 'f1': 0.014184397163120567, 'testing_loss': 0.752970251382566}
[92mINFO [0m:      
13:16:30 - 
[92mINFO [0m:      [ROUND 1]
13:16:30 - [ROUND 1]
[92mINFO [0m:      configure_fit: strategy sampled 2 clients (out of 2)
13:16:36 - configure_fit: strategy sampled 2 clients (out of 2)
13:16:42 - [Monitor Variance] Aggregated local states successfully from Client IDs [1, 0]!
13:16:42 - [Monitor Variance] Successfully sent back to Client 1 at localhost:9201 the variance approximation 0.0074!
13:16:42 - [Monitor Variance] Successfully sent back to Client 0 at localhost:9199 the variance approximation 0.0074!
[92mINFO [0m:      aggregate_fit: received 2 results and 0 failures
13:16:42 - aggregate_fit: received 2 results and 0 failures
13:16:42 - [FdaAdam] Actual Variance: 0.008043084293603897!
[93mWARNING [0m:   No fit_metrics_aggregation_fn provided
13:16:42 - No fit_metrics_aggregation_fn provided
[92mINFO [0m:      fit progress: (1, 1.8832964125801535, {'accuracy': 0.3161764705882353, 'f1': 0.0, 'testing_loss': 1.8832964125801535}, 13.30807731486857)
13:16:44 - fit progress: (1, 1.8832964125801535, {'accuracy': 0.3161764705882353, 'f1': 0.0, 'testing_loss': 1.8832964125801535}, 13.30807731486857)
[92mINFO [0m:      configure_evaluate: no clients selected, skipping evaluation
13:16:44 - configure_evaluate: no clients selected, skipping evaluation
[92mINFO [0m:      
13:16:44 - 
[92mINFO [0m:      [ROUND 2]
13:16:44 - [ROUND 2]
[92mINFO [0m:      configure_fit: strategy sampled 2 clients (out of 2)
13:16:44 - configure_fit: strategy sampled 2 clients (out of 2)
13:16:49 - [Monitor Variance] Aggregated local states successfully from Client IDs [1, 0]!
13:16:49 - [Monitor Variance] Successfully sent back to Client 1 at localhost:9201 the variance approximation 0.0076!
13:16:49 - [Monitor Variance] Successfully sent back to Client 0 at localhost:9199 the variance approximation 0.0076!
[92mINFO [0m:      aggregate_fit: received 2 results and 0 failures
13:16:49 - aggregate_fit: received 2 results and 0 failures
13:16:49 - [FdaAdam] Actual Variance: 0.0070596905425190926!
[92mINFO [0m:      fit progress: (2, 0.9268930550007259, {'accuracy': 0.6838235294117647, 'f1': 0.8122270742358079, 'testing_loss': 0.9268930550007259}, 20.206953451037407)
13:16:51 - fit progress: (2, 0.9268930550007259, {'accuracy': 0.6838235294117647, 'f1': 0.8122270742358079, 'testing_loss': 0.9268930550007259}, 20.206953451037407)
[92mINFO [0m:      configure_evaluate: no clients selected, skipping evaluation
13:16:51 - configure_evaluate: no clients selected, skipping evaluation
[92mINFO [0m:      
13:16:51 - 
[92mINFO [0m:      [ROUND 3]
13:16:51 - [ROUND 3]
[92mINFO [0m:      configure_fit: strategy sampled 2 clients (out of 2)
13:16:51 - configure_fit: strategy sampled 2 clients (out of 2)
13:16:56 - [Monitor Variance] Aggregated local states successfully from Client IDs [1, 0]!
13:16:56 - [Monitor Variance] Successfully sent back to Client 1 at localhost:9201 the variance approximation 0.0055!
13:16:56 - [Monitor Variance] Successfully sent back to Client 0 at localhost:9199 the variance approximation 0.0055!
[92mINFO [0m:      aggregate_fit: received 2 results and 0 failures
13:16:56 - aggregate_fit: received 2 results and 0 failures
13:16:56 - [FdaAdam] Actual Variance: 0.006126957479864359!
[92mINFO [0m:      fit progress: (3, 5.060074030184278, {'accuracy': 0.3161764705882353, 'f1': 0.0, 'testing_loss': 5.060074030184278}, 27.259299342986196)
13:16:58 - fit progress: (3, 5.060074030184278, {'accuracy': 0.3161764705882353, 'f1': 0.0, 'testing_loss': 5.060074030184278}, 27.259299342986196)
[92mINFO [0m:      configure_evaluate: no clients selected, skipping evaluation
13:16:58 - configure_evaluate: no clients selected, skipping evaluation
[92mINFO [0m:      
13:16:58 - 
[92mINFO [0m:      [ROUND 4]
13:16:58 - [ROUND 4]
[92mINFO [0m:      configure_fit: strategy sampled 2 clients (out of 2)
13:16:58 - configure_fit: strategy sampled 2 clients (out of 2)
13:17:03 - [Monitor Variance] Aggregated local states successfully from Client IDs [1, 0]!
13:17:03 - [Monitor Variance] Successfully sent back to Client 1 at localhost:9201 the variance approximation 0.0316!
13:17:03 - [Monitor Variance] Successfully sent back to Client 0 at localhost:9199 the variance approximation 0.0316!
[92mINFO [0m:      aggregate_fit: received 2 results and 0 failures
13:17:03 - aggregate_fit: received 2 results and 0 failures
13:17:03 - [FdaAdam] Actual Variance: 0.05355663225054741!
[92mINFO [0m:      fit progress: (4, 1.834106527095405, {'accuracy': 0.6838235294117647, 'f1': 0.8122270742358079, 'testing_loss': 1.834106527095405}, 34.187952765030786)
13:17:05 - fit progress: (4, 1.834106527095405, {'accuracy': 0.6838235294117647, 'f1': 0.8122270742358079, 'testing_loss': 1.834106527095405}, 34.187952765030786)
[92mINFO [0m:      configure_evaluate: no clients selected, skipping evaluation
13:17:05 - configure_evaluate: no clients selected, skipping evaluation
[92mINFO [0m:      
13:17:05 - 
[92mINFO [0m:      [ROUND 5]
13:17:05 - [ROUND 5]
[92mINFO [0m:      configure_fit: strategy sampled 2 clients (out of 2)
13:17:05 - configure_fit: strategy sampled 2 clients (out of 2)
13:17:10 - [Monitor Variance] Aggregated local states successfully from Client IDs [1, 0]!
13:17:10 - [Monitor Variance] Successfully sent back to Client 1 at localhost:9201 the variance approximation 0.0078!
13:17:10 - [Monitor Variance] Successfully sent back to Client 0 at localhost:9199 the variance approximation 0.0078!
[92mINFO [0m:      aggregate_fit: received 2 results and 0 failures
13:17:10 - aggregate_fit: received 2 results and 0 failures
13:17:10 - [FdaAdam] Actual Variance: 0.007982325740158558!
[92mINFO [0m:      fit progress: (5, 2.440343579253999, {'accuracy': 0.6838235294117647, 'f1': 0.8122270742358079, 'testing_loss': 2.440343579253999}, 40.814340675016865)
13:17:11 - fit progress: (5, 2.440343579253999, {'accuracy': 0.6838235294117647, 'f1': 0.8122270742358079, 'testing_loss': 2.440343579253999}, 40.814340675016865)
[92mINFO [0m:      configure_evaluate: no clients selected, skipping evaluation
13:17:11 - configure_evaluate: no clients selected, skipping evaluation
[92mINFO [0m:      
13:17:11 - 
[92mINFO [0m:      [ROUND 6]
13:17:11 - [ROUND 6]
[92mINFO [0m:      configure_fit: strategy sampled 2 clients (out of 2)
13:17:11 - configure_fit: strategy sampled 2 clients (out of 2)
13:17:17 - [Monitor Variance] Aggregated local states successfully from Client IDs [1, 0]!
13:17:17 - [Monitor Variance] Successfully sent back to Client 1 at localhost:9201 the variance approximation 0.0129!
13:17:17 - [Monitor Variance] Successfully sent back to Client 0 at localhost:9199 the variance approximation 0.0129!
[92mINFO [0m:      aggregate_fit: received 2 results and 0 failures
13:17:17 - aggregate_fit: received 2 results and 0 failures
13:17:17 - [FdaAdam] Actual Variance: 0.014361795037984848!
[92mINFO [0m:      fit progress: (6, 0.945624150847103, {'accuracy': 0.6838235294117647, 'f1': 0.8122270742358079, 'testing_loss': 0.945624150847103}, 48.47311335685663)
13:17:19 - fit progress: (6, 0.945624150847103, {'accuracy': 0.6838235294117647, 'f1': 0.8122270742358079, 'testing_loss': 0.945624150847103}, 48.47311335685663)
[92mINFO [0m:      configure_evaluate: no clients selected, skipping evaluation
13:17:19 - configure_evaluate: no clients selected, skipping evaluation
[92mINFO [0m:      
13:17:19 - 
[92mINFO [0m:      [ROUND 7]
13:17:19 - [ROUND 7]
[92mINFO [0m:      configure_fit: strategy sampled 2 clients (out of 2)
13:17:19 - configure_fit: strategy sampled 2 clients (out of 2)
13:17:24 - [Monitor Variance] Aggregated local states successfully from Client IDs [1, 0]!
13:17:24 - [Monitor Variance] Successfully sent back to Client 1 at localhost:9201 the variance approximation 0.0058!
13:17:24 - [Monitor Variance] Successfully sent back to Client 0 at localhost:9199 the variance approximation 0.0058!
[92mINFO [0m:      aggregate_fit: received 2 results and 0 failures
13:17:24 - aggregate_fit: received 2 results and 0 failures
13:17:24 - [FdaAdam] Actual Variance: 0.006245561875402927!
[92mINFO [0m:      fit progress: (7, 2.10911582030502, {'accuracy': 0.3161764705882353, 'f1': 0.0, 'testing_loss': 2.10911582030502}, 55.570192374056205)
13:17:26 - fit progress: (7, 2.10911582030502, {'accuracy': 0.3161764705882353, 'f1': 0.0, 'testing_loss': 2.10911582030502}, 55.570192374056205)
[92mINFO [0m:      configure_evaluate: no clients selected, skipping evaluation
13:17:26 - configure_evaluate: no clients selected, skipping evaluation
[92mINFO [0m:      
13:17:26 - 
[92mINFO [0m:      [ROUND 8]
13:17:26 - [ROUND 8]
[92mINFO [0m:      configure_fit: strategy sampled 2 clients (out of 2)
13:17:26 - configure_fit: strategy sampled 2 clients (out of 2)
13:17:32 - [Monitor Variance] Aggregated local states successfully from Client IDs [1, 0]!
13:17:32 - [Monitor Variance] Successfully sent back to Client 1 at localhost:9201 the variance approximation 0.0037!
13:17:32 - [Monitor Variance] Successfully sent back to Client 0 at localhost:9199 the variance approximation 0.0037!
[92mINFO [0m:      aggregate_fit: received 2 results and 0 failures
13:17:32 - aggregate_fit: received 2 results and 0 failures
13:17:32 - [FdaAdam] Actual Variance: 0.00590068195015192!
[92mINFO [0m:      fit progress: (8, 2.552076620214126, {'accuracy': 0.3161764705882353, 'f1': 0.0, 'testing_loss': 2.552076620214126}, 62.78016148903407)
13:17:33 - fit progress: (8, 2.552076620214126, {'accuracy': 0.3161764705882353, 'f1': 0.0, 'testing_loss': 2.552076620214126}, 62.78016148903407)
[92mINFO [0m:      configure_evaluate: no clients selected, skipping evaluation
13:17:33 - configure_evaluate: no clients selected, skipping evaluation
[92mINFO [0m:      
13:17:33 - 
[92mINFO [0m:      [ROUND 9]
13:17:33 - [ROUND 9]
[92mINFO [0m:      configure_fit: strategy sampled 2 clients (out of 2)
13:17:33 - configure_fit: strategy sampled 2 clients (out of 2)
13:17:39 - [Monitor Variance] Aggregated local states successfully from Client IDs [1, 0]!
13:17:39 - [Monitor Variance] Successfully sent back to Client 1 at localhost:9201 the variance approximation 0.0032!
13:17:39 - [Monitor Variance] Successfully sent back to Client 0 at localhost:9199 the variance approximation 0.0032!
[92mINFO [0m:      aggregate_fit: received 2 results and 0 failures
13:17:39 - aggregate_fit: received 2 results and 0 failures
13:17:39 - [FdaAdam] Actual Variance: 0.005870910361409187!
[92mINFO [0m:      fit progress: (9, 0.657074442096785, {'accuracy': 0.6838235294117647, 'f1': 0.8122270742358079, 'testing_loss': 0.657074442096785}, 69.82989500206895)
13:17:40 - fit progress: (9, 0.657074442096785, {'accuracy': 0.6838235294117647, 'f1': 0.8122270742358079, 'testing_loss': 0.657074442096785}, 69.82989500206895)
[92mINFO [0m:      configure_evaluate: no clients selected, skipping evaluation
13:17:40 - configure_evaluate: no clients selected, skipping evaluation
[92mINFO [0m:      
13:17:40 - 
[92mINFO [0m:      [ROUND 10]
13:17:40 - [ROUND 10]
[92mINFO [0m:      configure_fit: strategy sampled 2 clients (out of 2)
13:17:40 - configure_fit: strategy sampled 2 clients (out of 2)
