[93mWARNING [0m:   DEPRECATED FEATURE: flwr.server.start_server() is deprecated.
	Instead, use the `flower-superlink` CLI command to start a SuperLink as shown below:

		$ flower-superlink --insecure

	To view usage and all available options, run:

		$ flower-superlink --help

	Using `start_server()` is deprecated.

            This is a deprecated feature. It will be removed
            entirely in future versions of Flower.
        
08:33:29 - DEPRECATED FEATURE: flwr.server.start_server() is deprecated.
	Instead, use the `flower-superlink` CLI command to start a SuperLink as shown below:

		$ flower-superlink --insecure

	To view usage and all available options, run:

		$ flower-superlink --help

	Using `start_server()` is deprecated.

            This is a deprecated feature. It will be removed
            entirely in future versions of Flower.
        
[92mINFO [0m:      Starting Flower server, config: num_rounds=100, no round_timeout
08:33:29 - Starting Flower server, config: num_rounds=100, no round_timeout
[92mINFO [0m:      Flower ECE: gRPC server running (100 rounds), SSL is disabled
08:33:29 - Flower ECE: gRPC server running (100 rounds), SSL is disabled
[92mINFO [0m:      [INIT]
08:33:29 - [INIT]
[92mINFO [0m:      Using initial global parameters provided by strategy
08:33:29 - Using initial global parameters provided by strategy
[92mINFO [0m:      Starting evaluation of initial global parameters
08:33:29 - Starting evaluation of initial global parameters
[92mINFO [0m:      initial parameters (loss, other metrics): 0.6855949175124075, {'accuracy': 0.5955882352941176, 'f1': 0.6783625730994152, 'testing_loss': 0.6855949175124075}
08:33:31 - initial parameters (loss, other metrics): 0.6855949175124075, {'accuracy': 0.5955882352941176, 'f1': 0.6783625730994152, 'testing_loss': 0.6855949175124075}
[92mINFO [0m:      
08:33:31 - 
[92mINFO [0m:      [ROUND 1]
08:33:31 - [ROUND 1]
[92mINFO [0m:      configure_fit: strategy sampled 2 clients (out of 2)
08:33:37 - configure_fit: strategy sampled 2 clients (out of 2)
[92mINFO [0m:      aggregate_fit: received 0 results and 2 failures
08:33:42 - aggregate_fit: received 0 results and 2 failures
[92mINFO [0m:      fit progress: (1, 0.6855949175124075, {'accuracy': 0.5955882352941176, 'f1': 0.6783625730994152, 'testing_loss': 0.6855949175124075}, 11.560163116984768)
08:33:43 - fit progress: (1, 0.6855949175124075, {'accuracy': 0.5955882352941176, 'f1': 0.6783625730994152, 'testing_loss': 0.6855949175124075}, 11.560163116984768)
[92mINFO [0m:      configure_evaluate: no clients selected, skipping evaluation
08:33:43 - configure_evaluate: no clients selected, skipping evaluation
[92mINFO [0m:      
08:33:43 - 
[92mINFO [0m:      [ROUND 2]
08:33:43 - [ROUND 2]
