09:18:49 - Root - Just subcribed to Kafka topic FedL!
09:18:49 - Root - Waiting for new jobs from Kafka...!
09:18:54 - Root - Just read new job parameters!
09:18:54 - 0c471230 - Job is launching...
09:18:54 - 0c471230 - Flower FL Server has successfully launched!
09:19:04 - 0c471230 - Client 0 has successfully launched!
09:19:04 - 0c471230 - Client 1 has successfully launched!
09:19:04 - 0c471230 - All components have launched successfully!
09:19:04 - Root - Waiting for new jobs from Kafka...!
09:19:19 - Root - Terminating all subprocesses...
09:19:19 - Root - All subprocesses terminated. Exiting...
09:19:19 - Root - Mediator shutdown complete.
09:19:25 - Root - Just subcribed to Kafka topic FedL!
09:19:25 - Root - Waiting for new jobs from Kafka...!
09:19:27 - Root - Just read new job parameters!
09:19:27 - 79d883df - Job is launching...
09:19:27 - 79d883df - Flower FL Server has successfully launched!
09:19:37 - 79d883df - Client 0 has successfully launched!
09:19:37 - 79d883df - Client 1 has successfully launched!
09:19:37 - 79d883df - All components have launched successfully!
09:19:37 - Root - Waiting for new jobs from Kafka...!
09:20:13 - Root - Terminating all subprocesses...
09:20:13 - Root - All subprocesses terminated. Exiting...
09:20:13 - Root - Mediator shutdown complete.
09:21:57 - Root - Just subcribed to Kafka topic FedL!
09:21:57 - Root - Waiting for new jobs from Kafka...!
09:22:08 - Root - Just read new job parameters!
09:22:08 - 4f2d9d1a - Job is launching...
09:22:08 - 4f2d9d1a - Flower FL Server has successfully launched!
09:22:18 - 4f2d9d1a - Client 0 has successfully launched!
09:22:18 - 4f2d9d1a - Client 1 has successfully launched!
09:22:18 - 4f2d9d1a - All components have launched successfully!
09:22:18 - Root - Waiting for new jobs from Kafka...!
09:22:45 - Root - Terminating all subprocesses...
09:22:49 - Root - All subprocesses terminated. Exiting...
09:22:49 - Root - Mediator shutdown complete.
09:26:41 - Root - Just subcribed to Kafka topic FedL!
09:26:41 - Root - Waiting for new jobs from Kafka...!
09:26:49 - Root - Just read new job parameters!
09:26:49 - 78cf9f95 - Job is launching...
09:26:49 - 78cf9f95 - Flower FL Server has successfully launched!
09:26:54 - Root - Terminating all subprocesses...
09:26:54 - Root - All subprocesses terminated. Exiting...
09:26:54 - Root - Mediator shutdown complete.
09:27:40 - Root - Just subcribed to Kafka topic FedL!
09:27:40 - Root - Waiting for new jobs from Kafka...!
09:27:43 - Root - Just read new job parameters!
09:27:43 - 876bb17e - Job is launching...
09:27:43 - 876bb17e - Flower FL Server has successfully launched!
09:27:43 - 876bb17e - Waiting for Flower FL Server to boot up...
09:27:48 - 876bb17e - Waiting for Flower FL Server to boot up...
09:27:53 - 876bb17e - Waiting for Flower FL Server to boot up...
09:27:58 - 876bb17e - Client 0 has successfully launched!
09:27:58 - 876bb17e - Client 1 has successfully launched!
09:27:58 - 876bb17e - All components have launched successfully!
09:27:58 - Root - Waiting for new jobs from Kafka...!
09:28:59 - Root - Terminating all subprocesses...
09:29:00 - Root - All subprocesses terminated. Exiting...
09:29:00 - Root - Mediator shutdown complete.
09:29:01 - Root - Just subcribed to Kafka topic FedL!
09:29:01 - Root - Waiting for new jobs from Kafka...!
09:29:07 - Root - Just read new job parameters!
09:29:07 - 49ca49d3 - Job is launching...
09:29:07 - 49ca49d3 - Flower FL Server has successfully launched!
09:29:07 - 49ca49d3 - Waiting for Flower FL Server to boot up...
09:29:12 - 49ca49d3 - Waiting for Flower FL Server to boot up...
09:29:17 - 49ca49d3 - Waiting for Flower FL Server to boot up...
09:29:22 - 49ca49d3 - Flower FL Server is up and running!
09:29:22 - 49ca49d3 - Client 0 has successfully launched!
09:29:22 - 49ca49d3 - Client 1 has successfully launched!
09:29:22 - 49ca49d3 - All components have launched successfully!
09:29:22 - Root - Waiting for new jobs from Kafka...!
09:31:46 - Root - Just read new job parameters!
09:31:46 - a16bcdf1 - Job is launching...
09:31:46 - a16bcdf1 - The Flower server socket address localhost:8083 is in use. Aborting Job...
09:31:46 - Root - Waiting for new jobs from Kafka...!
09:33:39 - Root - Just read new job parameters!
09:33:39 - 2d5d8ca9 - Job is launching...
09:33:39 - 2d5d8ca9 - Flower FL Server has successfully launched!
09:33:39 - 2d5d8ca9 - Waiting for Flower FL Server to boot up...
09:33:44 - 2d5d8ca9 - Waiting for Flower FL Server to boot up...
09:33:49 - 2d5d8ca9 - Waiting for Flower FL Server to boot up...
09:33:54 - 2d5d8ca9 - Waiting for Flower FL Server to boot up...
09:33:59 - 2d5d8ca9 - Flower FL Server is up and running!
09:33:59 - 2d5d8ca9 - Client 0 has successfully launched!
09:33:59 - 2d5d8ca9 - Client 1 has successfully launched!
09:33:59 - 2d5d8ca9 - All components have launched successfully!
09:33:59 - Root - Waiting for new jobs from Kafka...!
09:34:25 - Root - Terminating all subprocesses...
09:34:28 - Root - All subprocesses terminated. Exiting...
09:34:28 - Root - Mediator shutdown complete.
09:41:25 - Root - Just subcribed to Kafka topic FedL!
09:41:25 - Root - Waiting for new jobs from Kafka...!
09:41:30 - Root - Just read new job parameters!
09:41:30 - 2805d2a8 - Job is launching...
09:41:30 - 2805d2a8 - Flower FL Server has successfully launched!
09:41:30 - 2805d2a8 - Waiting for Flower FL Server to boot up...
09:41:35 - 2805d2a8 - Waiting for Flower FL Server to boot up...
09:41:40 - 2805d2a8 - Waiting for Flower FL Server to boot up...
09:41:45 - 2805d2a8 - Waiting for Flower FL Server to boot up...
09:41:50 - 2805d2a8 - Waiting for Flower FL Server to boot up...
09:41:55 - 2805d2a8 - Waiting for Flower FL Server to boot up...
09:42:00 - 2805d2a8 - Waiting for Flower FL Server to boot up...
09:42:05 - 2805d2a8 - Waiting for Flower FL Server to boot up...
09:42:10 - 2805d2a8 - Waiting for Flower FL Server to boot up...
09:42:13 - Root - Terminating all subprocesses...
09:42:13 - Root - All subprocesses terminated. Exiting...
09:42:13 - Root - Mediator shutdown complete.
09:49:18 - Root - Just subcribed to Kafka topic FedL!
09:49:18 - Root - Waiting for new jobs from Kafka...!
09:49:24 - Root - Just read new job parameters!
09:49:24 - f22d0e1f - Job is launching...
09:49:24 - f22d0e1f - Flower FL Server has successfully launched!
09:49:24 - f22d0e1f - Waiting for Flower FL Server to boot up...
09:49:29 - f22d0e1f - Waiting for Flower FL Server to boot up...
09:49:34 - f22d0e1f - Waiting for Flower FL Server to boot up...
09:49:35 - Root - Terminating all subprocesses...
09:49:35 - Root - All subprocesses terminated. Exiting...
09:49:35 - Root - Mediator shutdown complete.
09:56:53 - Root - Just subcribed to Kafka topic FedL!
09:56:53 - Root - Waiting for new jobs from Kafka...!
09:56:57 - Root - Just read new job parameters!
09:56:57 - 17a3f415 - Job is launching...
09:56:57 - 17a3f415 - Flower FL Server has successfully launched!
09:56:57 - 17a3f415 - Waiting for Flower FL Server to boot up...
09:57:02 - 17a3f415 - Waiting for Flower FL Server to boot up...
09:57:07 - 17a3f415 - Waiting for Flower FL Server to boot up...
09:57:12 - 17a3f415 - Flower FL Server is up and running!
09:57:12 - 17a3f415 - Client 0 has successfully launched!
09:57:12 - 17a3f415 - Client 1 has successfully launched!
09:57:12 - 17a3f415 - All components have launched successfully!
09:57:12 - Root - Waiting for new jobs from Kafka...!
09:59:32 - Root - Cleaning up server/client logs as requested...
09:59:32 - Root - Cleaned up server/client logs!
09:59:32 - Root - Terminating all subprocesses...
09:59:33 - Root - All subprocesses terminated. Exiting...
09:59:33 - Root - Mediator shutdown complete.
10:01:01 - Root - Just subcribed to Kafka topic FedL!
10:01:01 - Root - Waiting for new jobs from Kafka...!
10:01:06 - Root - Just read new job parameters!
10:01:06 - 40b88f77 - Job is launching...
10:01:06 - 40b88f77 - Flower FL Server has successfully launched!
10:01:06 - 40b88f77 - Waiting for Flower FL Server to boot up...
10:01:11 - 40b88f77 - Waiting for Flower FL Server to boot up...
10:01:16 - 40b88f77 - Waiting for Flower FL Server to boot up...
10:01:21 - 40b88f77 - Flower FL Server is up and running!
10:01:21 - 40b88f77 - Client 0 has successfully launched!
10:01:21 - 40b88f77 - Client 1 has successfully launched!
10:01:21 - 40b88f77 - All components have launched successfully!
10:01:21 - Root - Waiting for new jobs from Kafka...!
10:02:50 - Root - Cleaning up server/client logs as requested...
10:02:50 - Root - Cleaned up server/client logs!
10:02:50 - Root - Terminating all subprocesses...
10:02:51 - Root - All subprocesses terminated. Exiting...
10:02:51 - Root - Mediator shutdown complete.
10:05:17 - Root - Just subcribed to Kafka topic FedL!
10:05:17 - Root - Waiting for new jobs from Kafka...!
10:05:21 - Root - Just read new job parameters!
10:05:21 - c6e23650 - Job is launching...
10:05:21 - c6e23650 - Flower FL Server has successfully launched!
10:05:21 - c6e23650 - Waiting for Flower FL Server to boot up...
10:05:26 - c6e23650 - Waiting for Flower FL Server to boot up...
10:05:31 - c6e23650 - Waiting for Flower FL Server to boot up...
10:05:36 - c6e23650 - Flower FL Server is up and running!
10:05:36 - c6e23650 - Client 0 has successfully launched!
10:05:36 - c6e23650 - Client 1 has successfully launched!
10:05:36 - c6e23650 - All components have launched successfully!
10:05:36 - Root - Waiting for new jobs from Kafka...!
10:05:55 - Root - Cleaning up server/client logs as requested...
10:05:55 - Root - Cleaned up server/client logs!
10:05:55 - Root - Terminating all subprocesses...
10:05:56 - Root - All subprocesses terminated. Exiting...
10:05:56 - Root - Mediator shutdown complete.
10:12:12 - Root - Launching one-time local job!
10:12:12 - a0c10122 - Job is launching...
10:12:12 - a0c10122 - Flower FL Server has successfully launched!
10:12:12 - a0c10122 - Waiting for Flower FL Server to boot up...
10:12:17 - a0c10122 - Waiting for Flower FL Server to boot up...
10:12:22 - a0c10122 - Waiting for Flower FL Server to boot up...
10:12:27 - a0c10122 - Flower FL Server is up and running!
10:12:27 - a0c10122 - Client 0 has successfully launched!
10:12:27 - a0c10122 - Client 1 has successfully launched!
10:12:27 - a0c10122 - All components have launched successfully!
10:12:27 - Root - Mediator shutdown complete.
10:13:23 - Root - Launching one-time local job!
10:13:23 - 307ae888 - Job is launching...
10:13:23 - 307ae888 - The Flower server socket address localhost:8085 is in use. Aborting Job...
10:13:28 - Root - Cleaning up server/client logs as requested...
10:13:28 - Root - Cleaned up server/client logs!
10:13:28 - Root - Terminating all subprocesses...
10:13:28 - Root - All subprocesses terminated. Exiting...
10:13:28 - Root - Mediator shutdown complete.
10:13:32 - Root - Launching one-time local job!
10:13:32 - Root - Unhandled exception occurred: [Errno 2] No such file or directory: '/home/mtheologitis/FDA-Opt-Sys/hyperparameters/test_8086.json'
Traceback (most recent call last):
  File "/home/mtheologitis/FDA-Opt-Sys/mediator.py", line 180, in <module>
    with open(args.local) as f:
FileNotFoundError: [Errno 2] No such file or directory: '/home/mtheologitis/FDA-Opt-Sys/hyperparameters/test_8086.json'
10:13:32 - Root - Mediator shutdown complete.
10:13:37 - Root - Launching one-time local job!
10:13:37 - 0890eab3 - Job is launching...
10:13:37 - 0890eab3 - Flower FL Server has successfully launched!
10:13:37 - 0890eab3 - Waiting for Flower FL Server to boot up...
10:13:42 - 0890eab3 - Waiting for Flower FL Server to boot up...
10:13:47 - 0890eab3 - Waiting for Flower FL Server to boot up...
10:13:52 - 0890eab3 - Flower FL Server is up and running!
10:13:52 - 0890eab3 - Client 0 has successfully launched!
10:13:52 - 0890eab3 - Client 1 has successfully launched!
10:13:52 - 0890eab3 - All components have launched successfully!
10:14:16 - Root - Cleaning up server/client logs as requested...
10:14:16 - Root - Cleaned up server/client logs!
10:14:16 - Root - Terminating all subprocesses...
10:14:21 - Root - All subprocesses terminated. Exiting...
10:14:21 - Root - Mediator shutdown complete.
